2024-01-23 09:11:54,969 [INFO] Activator:179 - 


2024-01-23 09:11:54,970 [INFO] Activator:180 - !SESSION log4j initialized
2024-01-23 09:11:56,507 [ERROR] LogOutputStream:74 - [STDERR_REDIRECT] 
2024-01-23 09:12:19,934 [ERROR] LogOutputStream:74 - [STDERR_REDIRECT] SLF4J: Failed to load class "org.slf4j.impl.StaticLoggerBinder".
2024-01-23 09:12:19,935 [ERROR] LogOutputStream:74 - [STDERR_REDIRECT] SLF4J: Defaulting to no-operation (NOP) logger implementation
2024-01-23 09:12:19,936 [ERROR] LogOutputStream:74 - [STDERR_REDIRECT] SLF4J: See http://www.slf4j.org/codes.html#StaticLoggerBinder for further details.
2024-01-23 09:12:43,015 [INFO] McuFinderGlobals:52 - Set McuFinder mode to 2 (CubeIDE integrated)
2024-01-23 09:12:43,332 [INFO] ApplicationProperties:181 - Using Application install path: /Applications/STM32CubeIDE.app/Contents/Eclipse/plugins/com.st.stm32cube.common.mx_6.7.0.202301130839
2024-01-23 09:12:43,343 [INFO] DbMcusXml:77 - Set database path to: /Applications/STM32CubeIDE.app/Contents/Eclipse/plugins/com.st.stm32cube.common.mx_6.7.0.202301130839//db//mcu/
2024-01-23 09:12:43,344 [INFO] ApiDb:273 - Set plugin database path to: /Applications/STM32CubeIDE.app/Contents/Eclipse/plugins/com.st.stm32cube.common.mx_6.7.0.202301130839//db//plugins/boardmanager/
2024-01-23 09:12:43,352 [WARN] ApiDb:258 - Overriding images path with different value:  => /Applications/STM32CubeIDE.app/Contents/Eclipse/plugins/com.st.stm32cube.common.mx_6.7.0.202301130839//db//plugins/mcufinder/images/
2024-01-23 09:12:43,390 [INFO] ApiDb:249 - Set database path to: /Users/ess04/.stmcufinder/plugins/mcufinder//mcu/
2024-01-23 09:12:43,391 [INFO] DbMcusAds:124 - Set database path to: /Users/ess04/.stmcufinder/plugins/mcufinder//mcu/
2024-01-23 09:12:43,397 [INFO] CrossReferenceDbSqlite:202 - Set database path to: /Users/ess04/.stmcufinder/plugins/mcufinder//mcu/cs/
2024-01-23 09:12:43,552 [INFO] RulesReader:61 - Compatibility file has been processed (283 Rules)
2024-01-23 09:12:43,692 [INFO] DbMcusXml:77 - Set database path to: /Applications/STM32CubeIDE.app/Contents/Eclipse/plugins/com.st.stm32cube.common.mx_6.7.0.202301130839//db//mcu/
2024-01-23 09:12:43,692 [INFO] ApiDb:273 - Set plugin database path to: /Applications/STM32CubeIDE.app/Contents/Eclipse/plugins/com.st.stm32cube.common.mx_6.7.0.202301130839//db//plugins/boardmanager/
2024-01-23 09:12:43,693 [INFO] ApiDb:260 - Set plugin images path to: /Applications/STM32CubeIDE.app/Contents/Eclipse/plugins/com.st.stm32cube.common.mx_6.7.0.202301130839//db//plugins/mcufinder/images/
2024-01-23 09:12:43,693 [WARN] DbFile:40 - Overriding database path with different value: /Users/ess04/.stmcufinder/plugins/mcufinder/ => /Users/ess04/.stmcufinder/plugins/mcufinder
2024-01-23 09:12:43,693 [INFO] ApiDb:249 - Set database path to: /Users/ess04/.stmcufinder/plugins/mcufinder//mcu/
2024-01-23 09:12:43,693 [WARN] DbFile:40 - Overriding database path with different value: /Users/ess04/.stmcufinder/plugins/mcufinder/ => /Users/ess04/.stmcufinder/plugins/mcufinder
2024-01-23 09:12:43,694 [INFO] DbMcusAds:124 - Set database path to: /Users/ess04/.stmcufinder/plugins/mcufinder//mcu/
2024-01-23 09:12:43,695 [WARN] DbFile:40 - Overriding database path with different value: /Users/ess04/.stmcufinder/plugins/mcufinder/ => /Users/ess04/.stmcufinder/plugins/mcufinder
2024-01-23 09:12:43,695 [WARN] DbFile:40 - Overriding database path with different value: /Users/ess04/.stmcufinder/plugins/mcufinder/ => /Users/ess04/.stmcufinder/plugins/mcufinder
2024-01-23 09:12:43,695 [INFO] CrossReferenceDbSqlite:202 - Set database path to: /Users/ess04/.stmcufinder/plugins/mcufinder//mcu/cs/
2024-01-23 09:12:43,816 [INFO] MainPanel:252 - HeapMemory: 397410304
2024-01-23 09:12:43,889 [INFO] DbMcusXml:77 - Set database path to: /Applications/STM32CubeIDE.app/Contents/Eclipse/plugins/com.st.stm32cube.common.mx_6.7.0.202301130839//db//mcu/
2024-01-23 09:12:43,889 [INFO] ApiDb:273 - Set plugin database path to: /Applications/STM32CubeIDE.app/Contents/Eclipse/plugins/com.st.stm32cube.common.mx_6.7.0.202301130839//db//plugins/boardmanager/
2024-01-23 09:12:43,889 [INFO] ApiDb:260 - Set plugin images path to: /Applications/STM32CubeIDE.app/Contents/Eclipse/plugins/com.st.stm32cube.common.mx_6.7.0.202301130839//db//plugins/mcufinder/images/
2024-01-23 09:12:43,889 [WARN] DbFile:40 - Overriding database path with different value: /Users/ess04/.stmcufinder/plugins/mcufinder/ => /Users/ess04/.stmcufinder/plugins/mcufinder
2024-01-23 09:12:43,889 [INFO] ApiDb:249 - Set database path to: /Users/ess04/.stmcufinder/plugins/mcufinder//mcu/
2024-01-23 09:12:43,889 [WARN] DbFile:40 - Overriding database path with different value: /Users/ess04/.stmcufinder/plugins/mcufinder/ => /Users/ess04/.stmcufinder/plugins/mcufinder
2024-01-23 09:12:43,890 [INFO] DbMcusAds:124 - Set database path to: /Users/ess04/.stmcufinder/plugins/mcufinder//mcu/
2024-01-23 09:12:43,890 [WARN] DbFile:40 - Overriding database path with different value: /Users/ess04/.stmcufinder/plugins/mcufinder/ => /Users/ess04/.stmcufinder/plugins/mcufinder
2024-01-23 09:12:43,890 [WARN] DbFile:40 - Overriding database path with different value: /Users/ess04/.stmcufinder/plugins/mcufinder/ => /Users/ess04/.stmcufinder/plugins/mcufinder
2024-01-23 09:12:43,890 [INFO] CrossReferenceDbSqlite:202 - Set database path to: /Users/ess04/.stmcufinder/plugins/mcufinder//mcu/cs/
2024-01-23 09:12:43,919 [INFO] ApplicationProperties:181 - Using Application install path: /Applications/STM32CubeIDE.app/Contents/Eclipse/plugins/com.st.stm32cube.common.mx_6.7.0.202301130839
2024-01-23 09:12:43,928 [INFO] PluginManage:193 - Search for loadable plugins [exclusion list=, ]
2024-01-23 09:12:43,932 [INFO] PluginManage:307 - Check plugin analytics
2024-01-23 09:12:44,144 [INFO] AnalyticsPlugin:262 - Accepted Software Licenses: 
2024-01-23 09:12:44,146 [INFO] AnalyticsPlugin:264 - Accepted CMSIS Pack Licenses: 
2024-01-23 09:12:44,149 [INFO] AnalyticsPlugin:266 - Accepted Firmware Licenses: 
2024-01-23 09:12:44,166 [INFO] PluginManage:356 - Loaded plugin analytics (category:tool,tabindex:-1)
2024-01-23 09:12:44,168 [INFO] PluginManage:307 - Check plugin cadmodel
2024-01-23 09:12:45,149 [INFO] CADModel:104 - Init CAD model plugin
2024-01-23 09:12:45,162 [INFO] PluginManage:356 - Loaded plugin cadmodel (category:power,tabindex:5)
2024-01-23 09:12:45,165 [INFO] PluginManage:307 - Check plugin clock
2024-01-23 09:12:45,210 [INFO] PluginManage:356 - Loaded plugin clock (category:base,tabindex:2)
2024-01-23 09:12:45,211 [INFO] PluginManage:307 - Check plugin ddr
2024-01-23 09:12:45,213 [INFO] PluginManage:356 - Loaded plugin ddr (category:tool,tabindex:6)
2024-01-23 09:12:45,213 [INFO] PluginManage:307 - Check plugin filemanager
2024-01-23 09:12:45,388 [INFO] PluginManage:356 - Loaded plugin filemanager (category:base,tabindex:10)
2024-01-23 09:12:45,389 [INFO] PluginManage:307 - Check plugin ipmanager
2024-01-23 09:12:45,407 [INFO] PluginManage:356 - Loaded plugin ipmanager (category:base,tabindex:5)
2024-01-23 09:12:45,407 [INFO] PluginManage:307 - Check plugin lpbam
2024-01-23 09:12:45,460 [INFO] PluginManage:356 - Loaded plugin lpbam (category:base,tabindex:0)
2024-01-23 09:12:45,460 [INFO] PluginManage:307 - Check plugin pinoutandconfiguration
2024-01-23 09:12:45,475 [INFO] PluginManage:356 - Loaded plugin pinoutandconfiguration (category:base,tabindex:1)
2024-01-23 09:12:45,475 [INFO] PluginManage:307 - Check plugin pinoutconfig
2024-01-23 09:12:45,547 [INFO] PluginManage:356 - Loaded plugin pinoutconfig (category:base,tabindex:0)
2024-01-23 09:12:45,548 [INFO] PluginManage:307 - Check plugin power
2024-01-23 09:12:45,594 [INFO] PluginManage:356 - Loaded plugin power (category:power,tabindex:4)
2024-01-23 09:12:45,595 [INFO] PluginManage:307 - Check plugin projectmanager
2024-01-23 09:12:45,616 [INFO] PluginManage:356 - Loaded plugin projectmanager (category:projectmanager,tabindex:3)
2024-01-23 09:12:45,616 [INFO] PluginManage:307 - Check plugin thirdparty
2024-01-23 09:12:45,865 [WARN] IntegrityCheckThread:82 - waiting for thirdparty lock release [integrity check]
2024-01-23 09:12:45,870 [INFO] IntegrityCheckThread:84 - entering critical section [integrity check]
2024-01-23 09:12:45,871 [INFO] PluginManage:356 - Loaded plugin thirdparty (category:base,tabindex:-1)
2024-01-23 09:12:45,871 [INFO] PluginManage:307 - Check plugin tools
2024-01-23 09:12:45,876 [INFO] ThirdPartyUpdaterWithRetryManager:70 - Updater plugin not ready yet. [1/15]
2024-01-23 09:12:45,879 [INFO] PluginManage:356 - Loaded plugin tools (category:base,tabindex:7)
2024-01-23 09:12:45,880 [INFO] PluginManage:307 - Check plugin tutovideos
2024-01-23 09:12:46,109 [INFO] PluginManage:356 - Loaded plugin tutovideos (category:base,tabindex:-1)
2024-01-23 09:12:46,110 [INFO] PluginManage:307 - Check plugin updater
2024-01-23 09:12:46,141 [INFO] PluginManage:356 - Loaded plugin updater (category:base,tabindex:12)
2024-01-23 09:12:46,144 [INFO] PluginManage:280 - PluginManage : Loaded plugins [15]
2024-01-23 09:12:46,788 [INFO] PinOutPanel:1477 - setPackage(No Configuration,No Configuration)
2024-01-23 09:12:46,931 [INFO] CADModel:164 - CPN selected for project level
2024-01-23 09:12:46,931 [INFO] CADModel:113 - Register for checkConnection events
2024-01-23 09:12:46,956 [INFO] IPUIPlugin:79 - create IPUIPlugin
2024-01-23 09:12:46,959 [INFO] PluginManager:219 - loadIPPluginJar : add mdma
2024-01-23 09:12:46,977 [INFO] IPUIPlugin:79 - create IPUIPlugin
2024-01-23 09:12:46,977 [INFO] PluginManager:219 - loadIPPluginJar : add freertos
2024-01-23 09:12:46,988 [INFO] IPUIPlugin:79 - create IPUIPlugin
2024-01-23 09:12:46,988 [INFO] PluginManager:219 - loadIPPluginJar : add gic
2024-01-23 09:12:47,013 [INFO] IPUIPlugin:79 - create IPUIPlugin
2024-01-23 09:12:47,014 [INFO] PluginManager:219 - loadIPPluginJar : add adc
2024-01-23 09:12:47,024 [INFO] IPUIPlugin:79 - create IPUIPlugin
2024-01-23 09:12:47,024 [INFO] PluginManager:219 - loadIPPluginJar : add gtzc
2024-01-23 09:12:47,029 [INFO] IPUIPlugin:79 - create IPUIPlugin
2024-01-23 09:12:47,029 [INFO] PluginManager:219 - loadIPPluginJar : add quadspi
2024-01-23 09:12:47,038 [INFO] IPUIPlugin:79 - create IPUIPlugin
2024-01-23 09:12:47,038 [INFO] PluginManager:219 - loadIPPluginJar : add aes
2024-01-23 09:12:47,046 [INFO] IPUIPlugin:79 - create IPUIPlugin
2024-01-23 09:12:47,046 [INFO] PluginManager:219 - loadIPPluginJar : add pdm2pcm
2024-01-23 09:12:47,054 [INFO] IPUIPlugin:79 - create IPUIPlugin
2024-01-23 09:12:47,054 [INFO] PluginManager:219 - loadIPPluginJar : add hash
2024-01-23 09:12:47,062 [INFO] IPUIPlugin:79 - create IPUIPlugin
2024-01-23 09:12:47,063 [INFO] PluginManager:219 - loadIPPluginJar : add tim
2024-01-23 09:12:47,071 [INFO] IPUIPlugin:79 - create IPUIPlugin
2024-01-23 09:12:47,071 [INFO] PluginManager:219 - loadIPPluginJar : add tsc
2024-01-23 09:12:47,079 [INFO] IPUIPlugin:79 - create IPUIPlugin
2024-01-23 09:12:47,079 [INFO] PluginManager:219 - loadIPPluginJar : add ts
2024-01-23 09:12:47,090 [INFO] IPUIPlugin:79 - create IPUIPlugin
2024-01-23 09:12:47,091 [INFO] PluginManager:219 - loadIPPluginJar : add can
2024-01-23 09:12:47,098 [INFO] IPUIPlugin:79 - create IPUIPlugin
2024-01-23 09:12:47,098 [INFO] PluginManager:219 - loadIPPluginJar : add dma3
2024-01-23 09:12:47,104 [INFO] IPUIPlugin:79 - create IPUIPlugin
2024-01-23 09:12:47,105 [INFO] PluginManager:219 - loadIPPluginJar : add dfsdm
2024-01-23 09:12:47,113 [INFO] IPUIPlugin:79 - create IPUIPlugin
2024-01-23 09:12:47,113 [INFO] PluginManager:219 - loadIPPluginJar : add spi
2024-01-23 09:12:47,120 [INFO] IPUIPlugin:79 - create IPUIPlugin
2024-01-23 09:12:47,124 [INFO] PluginManager:219 - loadIPPluginJar : add gfxmmu
2024-01-23 09:12:47,130 [INFO] IPUIPlugin:79 - create IPUIPlugin
2024-01-23 09:12:47,131 [INFO] PluginManager:219 - loadIPPluginJar : add genericplugin
2024-01-23 09:12:47,137 [INFO] IPUIPlugin:79 - create IPUIPlugin
2024-01-23 09:12:47,137 [INFO] PluginManager:219 - loadIPPluginJar : add cryp
2024-01-23 09:12:47,145 [INFO] IPUIPlugin:79 - create IPUIPlugin
2024-01-23 09:12:47,145 [INFO] PluginManager:219 - loadIPPluginJar : add gpio
2024-01-23 09:12:47,151 [INFO] IPUIPlugin:79 - create IPUIPlugin
2024-01-23 09:12:47,151 [INFO] PluginManager:219 - loadIPPluginJar : add comp
2024-01-23 09:12:47,157 [INFO] IPUIPlugin:79 - create IPUIPlugin
2024-01-23 09:12:47,158 [INFO] PluginManager:219 - loadIPPluginJar : add tracer_emb
2024-01-23 09:12:47,165 [INFO] IPUIPlugin:79 - create IPUIPlugin
2024-01-23 09:12:47,166 [INFO] PluginManager:219 - loadIPPluginJar : add openamp
2024-01-23 09:12:47,175 [INFO] IPUIPlugin:79 - create IPUIPlugin
2024-01-23 09:12:47,175 [INFO] PluginManager:219 - loadIPPluginJar : add stm32_wpan
2024-01-23 09:12:47,186 [INFO] IPUIPlugin:79 - create IPUIPlugin
2024-01-23 09:12:47,201 [INFO] PluginManager:219 - loadIPPluginJar : add plateformsettings
2024-01-23 09:12:47,212 [INFO] IPUIPlugin:79 - create IPUIPlugin
2024-01-23 09:12:47,213 [INFO] PluginManager:219 - loadIPPluginJar : add ipddr
2024-01-23 09:12:47,220 [INFO] IPUIPlugin:79 - create IPUIPlugin
2024-01-23 09:12:47,220 [INFO] PluginManager:219 - loadIPPluginJar : add usart
2024-01-23 09:12:47,226 [INFO] IPUIPlugin:79 - create IPUIPlugin
2024-01-23 09:12:47,226 [INFO] PluginManager:219 - loadIPPluginJar : add ltdc
2024-01-23 09:12:47,234 [INFO] IPUIPlugin:79 - create IPUIPlugin
2024-01-23 09:12:47,235 [INFO] PluginManager:219 - loadIPPluginJar : add nvic
2024-01-23 09:12:47,242 [INFO] IPUIPlugin:79 - create IPUIPlugin
2024-01-23 09:12:47,243 [INFO] PluginManager:219 - loadIPPluginJar : add fatfs
2024-01-23 09:12:47,253 [INFO] IPUIPlugin:79 - create IPUIPlugin
2024-01-23 09:12:47,254 [INFO] PluginManager:219 - loadIPPluginJar : add linkedlist
2024-01-23 09:12:47,266 [INFO] IPUIPlugin:79 - create IPUIPlugin
2024-01-23 09:12:47,266 [INFO] PluginManager:219 - loadIPPluginJar : add dma
2024-01-23 09:12:47,277 [INFO] IPUIPlugin:79 - create IPUIPlugin
2024-01-23 09:12:47,277 [INFO] PluginManager:219 - loadIPPluginJar : add fmc
2024-01-23 09:12:47,283 [INFO] IPUIPlugin:79 - create IPUIPlugin
2024-01-23 09:12:47,283 [INFO] PluginManager:219 - loadIPPluginJar : add i2s
2024-01-23 09:12:47,289 [INFO] IPUIPlugin:79 - create IPUIPlugin
2024-01-23 09:12:47,289 [INFO] PluginManager:219 - loadIPPluginJar : add ucpd
2024-01-23 09:12:47,295 [INFO] IPUIPlugin:79 - create IPUIPlugin
2024-01-23 09:12:47,295 [INFO] PluginManager:219 - loadIPPluginJar : add lorawan
2024-01-23 09:12:47,302 [INFO] IPUIPlugin:79 - create IPUIPlugin
2024-01-23 09:12:47,302 [INFO] PluginManager:219 - loadIPPluginJar : add opamp
2024-01-23 09:12:47,398 [INFO] IPUIPlugin:79 - create IPUIPlugin
2024-01-23 09:12:47,410 [INFO] PluginManager:219 - loadIPPluginJar : add touchsensing
2024-01-23 09:12:47,471 [INFO] IPUIPlugin:79 - create IPUIPlugin
2024-01-23 09:12:47,473 [INFO] PluginManager:219 - loadIPPluginJar : add i2c
2024-01-23 09:12:47,489 [INFO] IPUIPlugin:79 - create IPUIPlugin
2024-01-23 09:12:47,489 [INFO] PluginManager:219 - loadIPPluginJar : add resmgrutility
2024-01-23 09:12:47,498 [INFO] IPUIPlugin:79 - create IPUIPlugin
2024-01-23 09:12:47,499 [INFO] PluginManager:219 - loadIPPluginJar : add sai
2024-01-23 09:12:47,508 [INFO] IPUIPlugin:79 - create IPUIPlugin
2024-01-23 09:12:47,512 [INFO] PluginManager:219 - loadIPPluginJar : add usbx
2024-01-23 09:12:47,793 [INFO] CADModel:164 - CPN selected for project level
2024-01-23 09:12:47,794 [INFO] CADModel:113 - Register for checkConnection events
2024-01-23 09:12:47,795 [FATAL] Updater:308 - Updater called before beeing initialized
2024-01-23 09:12:47,796 [ERROR] CADModel:124 - Updater not yet initialized, retry later 
2024-01-23 09:12:47,996 [INFO] CADModel:164 - CPN selected for project level
2024-01-23 09:12:47,996 [INFO] CADModel:113 - Register for checkConnection events
2024-01-23 09:12:47,996 [FATAL] Updater:308 - Updater called before beeing initialized
2024-01-23 09:12:47,996 [ERROR] CADModel:124 - Updater not yet initialized, retry later 
2024-01-23 09:12:48,000 [FATAL] Updater:308 - Updater called before beeing initialized
2024-01-23 09:12:48,198 [FATAL] Updater:308 - Updater called before beeing initialized
2024-01-23 09:12:48,209 [INFO] DbMcusAds:52 - JSON generation date=Wed Nov 29 10:52:27 GMT 2023 (1701255147200)
2024-01-23 09:12:48,210 [FATAL] Updater:308 - Updater called before beeing initialized
2024-01-23 09:12:48,386 [WARN] DetailPanel:344 - Failed to get advertising image, set to default
2024-01-23 09:12:48,532 [FATAL] Updater:308 - Updater called before beeing initialized
2024-01-23 09:12:48,537 [FATAL] Updater:308 - Updater called before beeing initialized
2024-01-23 09:12:48,537 [FATAL] Updater:308 - Updater called before beeing initialized
2024-01-23 09:12:48,538 [WARN] DetailPanel:344 - Failed to get advertising image, set to default
2024-01-23 09:12:48,539 [FATAL] Updater:308 - Updater called before beeing initialized
2024-01-23 09:12:48,635 [ERROR] Updater:1120 - MainUpdater not yet initialized. External WinMGr cannot be set.
2024-01-23 09:12:48,890 [INFO] ThirdPartyUpdaterWithRetryManager:70 - Updater plugin not ready yet. [2/15]
2024-01-23 09:12:48,919 [INFO] Updater:1056 - Updater Version found : 6.7.0
2024-01-23 09:12:48,941 [INFO] ApplicationProperties:181 - Using Application install path: /Applications/STM32CubeIDE.app/Contents/Eclipse/plugins/com.st.stm32cube.common.mx_6.7.0.202301130839
2024-01-23 09:12:49,494 [INFO] MainUpdater:2800 - connection check result : 10
2024-01-23 09:12:49,496 [INFO] MainUpdater:282 - Updater Check For Update Now.
2024-01-23 09:12:49,496 [INFO] MicroXplorer:481 - Change Database Version : DB.6.0.70
2024-01-23 09:12:50,110 [INFO] CheckServerUpdateThread:119 - End of CheckServer Thread
2024-01-23 09:12:50,132 [INFO] MainUpdater:2800 - connection check result : 10
2024-01-23 09:12:51,665 [INFO] ApiDb:580 - Connected to CubeFinder SQLite database (/Users/ess04/.stmcufinder/plugins/mcufinder/mcu/cube-finder-db.db)
2024-01-23 09:12:51,723 [INFO] ApiDb:667 - CubeFinder database Data Model version=2.1
2024-01-23 09:12:51,723 [INFO] ApiDb:668 - CubeFinder database Configuration version=3.0.39
2024-01-23 09:12:51,723 [INFO] ApiDb:669 - CubeFinder database generation date=2023-12-08 (1702028721)
2024-01-23 09:12:51,724 [INFO] ApiDb:670 - CubeFinder database FW Pack versions=[FP-ATR-ASTRA1_V2.0.0, FP-SNS-FLIGHT1_V5.0.1, FP-SNS-FLIGHT1_V5.0.2, FP-SNS-MOTENV1_V4.3.1, FP-SNS-MOTENV1_V4.3.2, FP-SNS-MOTENVWB1_V1.3.1, FP-SNS-SMARTAG2_V1.2.0, STM32Cube_FW_C0_V1.1.0, STM32Cube_FW_F4_V1.28.0, STM32Cube_FW_F7_V1.17.0, STM32Cube_FW_G0_V1.6.1, STM32Cube_FW_G4_V1.5.1, STM32Cube_FW_H5_V0.5.1, STM32Cube_FW_H5_V1.1.1, STM32Cube_FW_H5_V1.2.0RC2, STM32Cube_FW_H7_V1.11.0, STM32Cube_FW_L0_V1.12.2, STM32Cube_FW_L5_V1.5.0, STM32Cube_FW_U5_V1.3.0RC4, STM32Cube_FW_U5_V1.4.0, STM32Cube_FW_WBA_V1.0.0RC1, STM32Cube_FW_WBA_V1.1.0RC1, STM32Cube_FW_WBA_V1.2.0, STM32Cube_FW_WBA_V1.2.0RC2, STM32Cube_FW_WB_V1.15.0RC1, STM32Cube_FW_WB_V1.16.0, STM32Cube_FW_WB_V1.16.0RC2, STM32Cube_FW_WB_V1.18.0, STM32Cube_FW_WL_V1.3.0, X-CUBE-ALGOBUILD_V1.3.0, X-CUBE-ALS_V1.0.1, X-CUBE-AZRTOS-F4_V1.1.0, X-CUBE-AZRTOS-F7_V1.1.0, X-CUBE-AZRTOS-G0_V1.1.0, X-CUBE-AZRTOS-G4_V2.0.0, X-CUBE-AZRTOS-H7_V3.1.0, X-CUBE-AZRTOS-L4_V1.0.0, X-CUBE-AZRTOS-L4_V2.0.0, X-CUBE-AZRTOS-L5_V1.1.0, X-CUBE-AZRTOS-WB_V2.0.0, X-CUBE-AZRTOS-WL_V2.0.0, X-CUBE-BLE1_V7.0.0, X-CUBE-BLE2_V3.3.0, X-CUBE-BLEMGR_V3.0.0, X-CUBE-EEPRMA1_V4.1.0, X-CUBE-EEPRMA1_V4.2.0, X-CUBE-FREERTOS_V1.1.0, X-CUBE-GNSS1_V6.0.0, X-CUBE-MEMS1_V10.0.0, X-CUBE-MEMS1_V9.1.0, X-CUBE-MEMS1_V9.4.0, X-CUBE-MEMS1_V9.6.0, X-CUBE-NFC4_V3.0.0, X-CUBE-NFC7_V1.0.1, X-CUBE-SFXS2LP1_V4.0.0, X-CUBE-SUBG2_V5.0.0, X-CUBE-TOF1_V3.4.0]
2024-01-23 09:12:52,091 [WARN] PackLoader:242 - Cannot read IP mode file for STMicroelectronics.X-CUBE-SMBUS.2.1.0
2024-01-23 09:12:52,118 [WARN] PackLoader:242 - Cannot read IP mode file for STMicroelectronics.X-CUBE-TOUCHGFX.4.23.0
2024-01-23 09:12:52,194 [WARN] PackLoader:242 - Cannot read IP mode file for STMicroelectronics.X-CUBE-AZRTOS-F7.1.1.0
2024-01-23 09:12:52,234 [WARN] PackLoader:242 - Cannot read IP mode file for STMicroelectronics.FP-SNS-MOTENV1.4.3.2
2024-01-23 09:12:52,261 [WARN] PackLoader:242 - Cannot read IP mode file for STMicroelectronics.FP-SNS-FLIGHT1.5.0.2
2024-01-23 09:12:52,302 [WARN] PackLoader:242 - Cannot read IP mode file for STMicroelectronics.X-CUBE-DISPLAY.3.0.0
2024-01-23 09:12:52,353 [WARN] PackLoader:242 - Cannot read IP mode file for STMicroelectronics.X-CUBE-BLE1.7.0.0
2024-01-23 09:12:52,399 [WARN] PackLoader:242 - Cannot read IP mode file for emotas.I-CUBE-CANOPEN.1.3.0
2024-01-23 09:12:52,415 [WARN] PackLoader:242 - Cannot read IP mode file for STMicroelectronics.FP-SNS-SMARTAG2.1.2.0
2024-01-23 09:12:52,444 [INFO] LogOutputStream:76 - [STDOUT_REDIRECT] 1 : Invalid condition id : UX_CORESTACK_Condition cause : null
2024-01-23 09:12:52,445 [INFO] LogOutputStream:76 - [STDOUT_REDIRECT] 1 : Invalid condition id : UX_CORESTACK_Condition cause : null
2024-01-23 09:12:52,445 [INFO] LogOutputStream:76 - [STDOUT_REDIRECT] 1 : Invalid condition id : UX_CORESTACK_Condition cause : null
2024-01-23 09:12:52,445 [INFO] LogOutputStream:76 - [STDOUT_REDIRECT] 1 : Invalid condition id : UX_CORESTACK_Condition cause : null
2024-01-23 09:12:52,446 [INFO] LogOutputStream:76 - [STDOUT_REDIRECT] 1 : Invalid condition id : UX_CORESTACK_Condition cause : null
2024-01-23 09:12:52,457 [WARN] PackLoader:242 - Cannot read IP mode file for STMicroelectronics.X-CUBE-AZRTOS-WL.2.0.0
2024-01-23 09:12:52,486 [WARN] PackLoader:242 - Cannot read IP mode file for WES.I-CUBE-Cesium.1.3.0
2024-01-23 09:12:52,504 [WARN] PackLoader:242 - Cannot read IP mode file for STMicroelectronics.X-CUBE-BLE2.3.3.0
2024-01-23 09:12:52,529 [WARN] PackLoader:242 - Cannot read IP mode file for STMicroelectronics.X-CUBE-ALGOBUILD.1.3.0
2024-01-23 09:12:52,564 [WARN] PackLoader:242 - Cannot read IP mode file for STMicroelectronics.X-CUBE-AZRTOS-G0.1.1.0
2024-01-23 09:12:52,614 [WARN] PackLoader:242 - Cannot read IP mode file for STMicroelectronics.X-CUBE-NFC4.3.0.0
2024-01-23 09:12:52,666 [WARN] PackLoader:242 - Cannot read IP mode file for STMicroelectronics.X-CUBE-BLEMGR.3.0.0
2024-01-23 09:12:52,691 [WARN] PackLoader:242 - Cannot read IP mode file for STMicroelectronics.FP-ATR-SIGFOX1.3.2.0
2024-01-23 09:12:52,822 [WARN] PackLoader:242 - Cannot read IP mode file for SEGGER.I-CUBE-embOS.1.3.1
2024-01-23 09:12:52,926 [WARN] PackLoader:242 - Cannot read IP mode file for STMicroelectronics.X-CUBE-GNSS1.6.0.0
2024-01-23 09:12:52,996 [WARN] PackLoader:242 - Cannot read IP mode file for STMicroelectronics.X-CUBE-AZRTOS-F4.1.1.0
2024-01-23 09:12:53,057 [WARN] PackLoader:242 - Cannot read IP mode file for wolfSSL.I-CUBE-wolfSSL.5.6.6
2024-01-23 09:12:53,169 [WARN] PackLoader:242 - Cannot read IP mode file for STMicroelectronics.X-CUBE-AZRTOS-L5.2.0.0
2024-01-23 09:12:53,205 [WARN] PackLoader:242 - Cannot read IP mode file for STMicroelectronics.X-CUBE-EEPRMA1.4.2.0
2024-01-23 09:12:53,270 [WARN] PackLoader:242 - Cannot read IP mode file for ITTIA_DB.I-CUBE-ITTIADB.8.8.0
2024-01-23 09:12:53,299 [WARN] PackLoader:242 - Cannot read IP mode file for STMicroelectronics.X-CUBE-NFC7.1.0.1
2024-01-23 09:12:53,418 [WARN] PackLoader:242 - Cannot read IP mode file for STMicroelectronics.X-CUBE-NFC6.3.0.0
2024-01-23 09:12:53,514 [INFO] ApiDb:239 - Found 143 in-development CPN: [B-WB1M-WPAN1, B-WL5M-SUBG1, NUCLEO-C031C6, STEVAL-PROTEUS1, STEVAL-STWINBX1, STM320518-EVAL, STM32C0116-DK, STM32C011D6Y3TR, STM32C011D6Y6TR, STM32C011F4P3, STM32C011F4P6, STM32C011F4U3, STM32C011F4U6TR, STM32C011F6P3, STM32C011F6P6, STM32C011F6U3, STM32C011F6U6TR, STM32C011J4M3, STM32C011J4M6, STM32C011J6M3, STM32C011J6M6, STM32C0316-DK, STM32C031C4T3, STM32C031C4T6, STM32C031C4U3, STM32C031C4U6, STM32C031C6T3, STM32C031C6T6, STM32C031C6U3, STM32C031C6U6, STM32C031F4P3, STM32C031F4P6, STM32C031F6P3, STM32C031F6P6, STM32C031G4U3, STM32C031G4U6, STM32C031G6U3, STM32C031G6U6, STM32C031K4T3, STM32C031K4T6, STM32C031K4U3, STM32C031K4U6, STM32C031K6T3, STM32C031K6T6, STM32C031K6U3, STM32C031K6U6, STM32G071K8TXN, STM32G071K8UXN, STM32G081GBU6N, STM32G081KBT6N, STM32G081KBUXN, STM32G0B1CCT6N, STM32G0B1KCT6, STM32G0B1NEY6TR, STM32G0B1RCT6N, STM32G0C1CCT6, STM32G0C1CCT6N, STM32G0C1CCU6N, STM32G0C1CET6N, STM32G0C1CEU6N, STM32G0C1KCT6, STM32G0C1NEY6TR, STM32G0C1RCI6N, STM32G0C1RCT6N, STM32G0C1REI6N, STM32G0C1RET6N, STM32G0C1VCI6, STM32G0C1VEI6, STM32G471CCT6, STM32G471CCU6, STM32G471CET3, STM32G471CET6, STM32G471CEU3, STM32G471CEU6, STM32G471MCT6, STM32G471MET3, STM32G471MET6, STM32G471MEY6TR, STM32G471QCT6, STM32G471QET3, STM32G471RCT6, STM32G471RET3, STM32G471RET6, STM32G471VCH6, STM32G471VCI6, STM32G471VCT6, STM32G471VEH3, STM32G471VEH6, STM32G471VEI3, STM32G471VEI6, STM32G471VET3, STM32G471VET6, STM32G474CCT6, STM32L476VGY6PTR, STM32L4R5QGI6STR, STM32MP131AAE3, STM32MP131AAF3, STM32MP131AAG3, STM32MP131CAE3, STM32MP131CAF3, STM32MP131CAG3, STM32MP131DAE7, STM32MP131DAF7, STM32MP131DAG7, STM32MP131FAE7, STM32MP131FAF7, STM32MP131FAG7, STM32MP133AAE3, STM32MP133AAF3, STM32MP133AAG3, STM32MP133CAE3, STM32MP133CAF3, STM32MP133CAG3, STM32MP133DAE7, STM32MP133DAF7, STM32MP133DAG7, STM32MP133FAE7, STM32MP133FAF7, STM32MP133FAG7, STM32MP135AAE3, STM32MP135AAF3, STM32MP135AAG3, STM32MP135CAE3, STM32MP135CAF3, STM32MP135CAG3, STM32MP135DAE7, STM32MP135DAF7, STM32MP135DAG7, STM32MP135F-DK, STM32MP135FAE7, STM32MP135FAF7, STM32MP135FAF7T, STM32MP135FAF7U, STM32MP135FAG7, STM32U595ZJT6Q, STM32U599BJY6QTR, STM32U599NIH6Q, STM32U599NJH6Q, STM32U5A5ZJT6Q, STM32U5A9BJY6QTR, STM32U5A9NJH6Q, STM32WB1MMCH6, STM32WL5MOCH6TR]
2024-01-23 09:12:53,553 [INFO] DbMcus:215 - Found 3853 MCUs, 3853 are supported
2024-01-23 09:12:53,586 [WARN] PackLoader:242 - Cannot read IP mode file for STMicroelectronics.X-CUBE-AI.8.1.0
2024-01-23 09:12:53,601 [INFO] ApiDb:422 - Load user favorites file /Users/ess04/.stm32cubeide/favorites.mcus.txt: 0 item(s)
2024-01-23 09:12:53,604 [INFO] ApiDb:426 - User favorites MCUs=[]
2024-01-23 09:12:53,605 [INFO] DbMcus:221 - Set 0 / 0 favorites MCUs
2024-01-23 09:12:53,650 [WARN] ConditionMgr:437 - getConditionDescription Invalid condition id : LAN8742 Phy interface Condition cause : null
2024-01-23 09:12:53,654 [WARN] PackLoader:242 - Cannot read IP mode file for STMicroelectronics.X-CUBE-AZRTOS-L4.2.0.0
2024-01-23 09:12:53,659 [WARN] ConditionMgr:1038 - genDependencies : Invalid condition id : LAN8742 Phy interface Condition cause : null
2024-01-23 09:12:53,660 [WARN] ConditionMgr:1038 - genDependencies : Invalid condition id : LAN8742 Phy interface Condition cause : null
2024-01-23 09:12:53,669 [WARN] ConditionMgr:1038 - genDependencies : Invalid condition id : LAN8742 Phy interface Condition cause : null
2024-01-23 09:12:53,696 [WARN] PackLoader:242 - Cannot read IP mode file for STMicroelectronics.X-CUBE-SFXS2LP1.4.0.0
2024-01-23 09:12:53,730 [WARN] ConditionMgr:437 - getConditionDescription Invalid condition id : UX DEVICE CLASS RTOS Condition cause : null
2024-01-23 09:12:53,731 [WARN] ConditionMgr:437 - getConditionDescription Invalid condition id : UX DEVICE CLASS RTOS Condition cause : null
2024-01-23 09:12:53,737 [WARN] PackLoader:242 - Cannot read IP mode file for STMicroelectronics.X-CUBE-AZRTOS-WB.2.0.0
2024-01-23 09:12:53,738 [WARN] ConditionMgr:1038 - genDependencies : Invalid condition id : UX DEVICE CLASS RTOS Condition cause : null
2024-01-23 09:12:53,739 [WARN] ConditionMgr:1038 - genDependencies : Invalid condition id : UX DEVICE CLASS RTOS Condition cause : null
2024-01-23 09:12:53,739 [WARN] ConditionMgr:1038 - genDependencies : Invalid condition id : UX DEVICE CLASS RTOS Condition cause : null
2024-01-23 09:12:53,740 [WARN] ConditionMgr:1038 - genDependencies : Invalid condition id : UX DEVICE CLASS RTOS Condition cause : null
2024-01-23 09:12:53,740 [WARN] ConditionMgr:1038 - genDependencies : Invalid condition id : UX DEVICE CLASS RTOS Condition cause : null
2024-01-23 09:12:53,771 [WARN] PackLoader:242 - Cannot read IP mode file for STMicroelectronics.X-CUBE-SUBG2.5.0.0
2024-01-23 09:12:53,817 [WARN] PackLoader:242 - Cannot read IP mode file for STMicroelectronics.X-CUBE-AZRTOS-G4.2.0.0
2024-01-23 09:12:53,880 [INFO] McuFinderGlobals:65 - Set McuFinderConnectedMode to true
2024-01-23 09:12:53,887 [WARN] PackLoader:242 - Cannot read IP mode file for Infineon.AIROC-Wi-Fi-Bluetooth-STM32.1.5.1
2024-01-23 09:12:53,905 [INFO] MultiScanPanel:196 - Auto-refresh data requested => check proxy status ongoing
2024-01-23 09:12:53,911 [INFO] FinderPluginLoader:92 - Searching for filters in installed packs
2024-01-23 09:12:53,924 [WARN] PackLoader:242 - Cannot read IP mode file for STMicroelectronics.FP-SNS-MOTENVWB1.1.3.1
2024-01-23 09:12:53,938 [WARN] PackLoader:242 - Cannot read IP mode file for STMicroelectronics.X-CUBE-ISPU.2.0.0
2024-01-23 09:12:54,031 [WARN] PackLoader:242 - Cannot read IP mode file for STMicroelectronics.X-CUBE-MEMS1.10.0.0
2024-01-23 09:12:54,336 [WARN] PackLoader:242 - Cannot read IP mode file for STMicroelectronics.X-CUBE-FREERTOS.1.1.0
2024-01-23 09:12:54,360 [WARN] PackLoader:242 - Cannot read IP mode file for portGmbH.I-Cube-SoM-uGOAL.1.1.0
2024-01-23 09:12:54,368 [WARN] PackLoader:242 - Cannot read IP mode file for STMicroelectronics.X-CUBE-ALS.1.0.1
2024-01-23 09:12:54,380 [WARN] PackLoader:242 - Cannot read IP mode file for STMicroelectronics.FP-ATR-ASTRA1.2.0.0
2024-01-23 09:12:54,408 [WARN] PackLoader:242 - Cannot read IP mode file for STMicroelectronics.X-CUBE-TOF1.3.4.0
2024-01-23 09:12:54,459 [WARN] PackLoader:242 - Cannot read IP mode file for STMicroelectronics.X-CUBE-AZRTOS-H7.3.2.0
2024-01-23 09:12:54,470 [INFO] ThirdParty:947 - Integrity check success = true
2024-01-23 09:12:54,471 [INFO] IntegrityCheckThread:98 - exiting critical section [integrity check]
2024-01-23 09:12:54,471 [INFO] IntegrityCheckThread:101 - End integrity checks thread
2024-01-23 09:12:55,797 [INFO] LoadUrlFilesThread:179 - End of LoadServerUrlFiles without Thread
2024-01-23 09:12:55,819 [INFO] DetailPanel:339 - Set advertising image to /Users/ess04/STM32Cube/Repository//en.prom-stm32wl3-mcu-finder.jpg
2024-01-23 09:12:56,604 [INFO] ApiDb:667 - CubeFinder database Data Model version=2.1
2024-01-23 09:12:56,608 [INFO] ApiDb:668 - CubeFinder database Configuration version=3.0.39
2024-01-23 09:12:56,610 [INFO] ApiDb:669 - CubeFinder database generation date=2023-12-08 (1702028721)
2024-01-23 09:12:56,610 [INFO] ApiDb:670 - CubeFinder database FW Pack versions=[FP-ATR-ASTRA1_V2.0.0, FP-SNS-FLIGHT1_V5.0.1, FP-SNS-FLIGHT1_V5.0.2, FP-SNS-MOTENV1_V4.3.1, FP-SNS-MOTENV1_V4.3.2, FP-SNS-MOTENVWB1_V1.3.1, FP-SNS-SMARTAG2_V1.2.0, STM32Cube_FW_C0_V1.1.0, STM32Cube_FW_F4_V1.28.0, STM32Cube_FW_F7_V1.17.0, STM32Cube_FW_G0_V1.6.1, STM32Cube_FW_G4_V1.5.1, STM32Cube_FW_H5_V0.5.1, STM32Cube_FW_H5_V1.1.1, STM32Cube_FW_H5_V1.2.0RC2, STM32Cube_FW_H7_V1.11.0, STM32Cube_FW_L0_V1.12.2, STM32Cube_FW_L5_V1.5.0, STM32Cube_FW_U5_V1.3.0RC4, STM32Cube_FW_U5_V1.4.0, STM32Cube_FW_WBA_V1.0.0RC1, STM32Cube_FW_WBA_V1.1.0RC1, STM32Cube_FW_WBA_V1.2.0, STM32Cube_FW_WBA_V1.2.0RC2, STM32Cube_FW_WB_V1.15.0RC1, STM32Cube_FW_WB_V1.16.0, STM32Cube_FW_WB_V1.16.0RC2, STM32Cube_FW_WB_V1.18.0, STM32Cube_FW_WL_V1.3.0, X-CUBE-ALGOBUILD_V1.3.0, X-CUBE-ALS_V1.0.1, X-CUBE-AZRTOS-F4_V1.1.0, X-CUBE-AZRTOS-F7_V1.1.0, X-CUBE-AZRTOS-G0_V1.1.0, X-CUBE-AZRTOS-G4_V2.0.0, X-CUBE-AZRTOS-H7_V3.1.0, X-CUBE-AZRTOS-L4_V1.0.0, X-CUBE-AZRTOS-L4_V2.0.0, X-CUBE-AZRTOS-L5_V1.1.0, X-CUBE-AZRTOS-WB_V2.0.0, X-CUBE-AZRTOS-WL_V2.0.0, X-CUBE-BLE1_V7.0.0, X-CUBE-BLE2_V3.3.0, X-CUBE-BLEMGR_V3.0.0, X-CUBE-EEPRMA1_V4.1.0, X-CUBE-EEPRMA1_V4.2.0, X-CUBE-FREERTOS_V1.1.0, X-CUBE-GNSS1_V6.0.0, X-CUBE-MEMS1_V10.0.0, X-CUBE-MEMS1_V9.1.0, X-CUBE-MEMS1_V9.4.0, X-CUBE-MEMS1_V9.6.0, X-CUBE-NFC4_V3.0.0, X-CUBE-NFC7_V1.0.1, X-CUBE-SFXS2LP1_V4.0.0, X-CUBE-SUBG2_V5.0.0, X-CUBE-TOF1_V3.4.0]
2024-01-23 09:12:56,665 [INFO] DbBoardsSqlite:225 - include board P-NUCLEO-WB55-NUCLEO as a kit item of type 'Nucleo-64'
2024-01-23 09:12:56,665 [INFO] DbBoardsSqlite:225 - include board P-NUCLEO-WB55-USBDONGLE as a kit item of type 'Nucleo USB Dongle'
2024-01-23 09:12:56,665 [INFO] DbBoardsSqlite:225 - include board STEVAL-IDP005V1 as a kit item of type 'Evaluation Board'
2024-01-23 09:12:56,665 [INFO] DbBoardsSqlite:225 - include board STEVAL-IDP005V2 as a kit item of type 'Evaluation Board'
2024-01-23 09:12:56,695 [INFO] ApiDb:239 - Found 143 in-development CPN: [B-WB1M-WPAN1, B-WL5M-SUBG1, NUCLEO-C031C6, STEVAL-PROTEUS1, STEVAL-STWINBX1, STM320518-EVAL, STM32C0116-DK, STM32C011D6Y3TR, STM32C011D6Y6TR, STM32C011F4P3, STM32C011F4P6, STM32C011F4U3, STM32C011F4U6TR, STM32C011F6P3, STM32C011F6P6, STM32C011F6U3, STM32C011F6U6TR, STM32C011J4M3, STM32C011J4M6, STM32C011J6M3, STM32C011J6M6, STM32C0316-DK, STM32C031C4T3, STM32C031C4T6, STM32C031C4U3, STM32C031C4U6, STM32C031C6T3, STM32C031C6T6, STM32C031C6U3, STM32C031C6U6, STM32C031F4P3, STM32C031F4P6, STM32C031F6P3, STM32C031F6P6, STM32C031G4U3, STM32C031G4U6, STM32C031G6U3, STM32C031G6U6, STM32C031K4T3, STM32C031K4T6, STM32C031K4U3, STM32C031K4U6, STM32C031K6T3, STM32C031K6T6, STM32C031K6U3, STM32C031K6U6, STM32G071K8TXN, STM32G071K8UXN, STM32G081GBU6N, STM32G081KBT6N, STM32G081KBUXN, STM32G0B1CCT6N, STM32G0B1KCT6, STM32G0B1NEY6TR, STM32G0B1RCT6N, STM32G0C1CCT6, STM32G0C1CCT6N, STM32G0C1CCU6N, STM32G0C1CET6N, STM32G0C1CEU6N, STM32G0C1KCT6, STM32G0C1NEY6TR, STM32G0C1RCI6N, STM32G0C1RCT6N, STM32G0C1REI6N, STM32G0C1RET6N, STM32G0C1VCI6, STM32G0C1VEI6, STM32G471CCT6, STM32G471CCU6, STM32G471CET3, STM32G471CET6, STM32G471CEU3, STM32G471CEU6, STM32G471MCT6, STM32G471MET3, STM32G471MET6, STM32G471MEY6TR, STM32G471QCT6, STM32G471QET3, STM32G471RCT6, STM32G471RET3, STM32G471RET6, STM32G471VCH6, STM32G471VCI6, STM32G471VCT6, STM32G471VEH3, STM32G471VEH6, STM32G471VEI3, STM32G471VEI6, STM32G471VET3, STM32G471VET6, STM32G474CCT6, STM32L476VGY6PTR, STM32L4R5QGI6STR, STM32MP131AAE3, STM32MP131AAF3, STM32MP131AAG3, STM32MP131CAE3, STM32MP131CAF3, STM32MP131CAG3, STM32MP131DAE7, STM32MP131DAF7, STM32MP131DAG7, STM32MP131FAE7, STM32MP131FAF7, STM32MP131FAG7, STM32MP133AAE3, STM32MP133AAF3, STM32MP133AAG3, STM32MP133CAE3, STM32MP133CAF3, STM32MP133CAG3, STM32MP133DAE7, STM32MP133DAF7, STM32MP133DAG7, STM32MP133FAE7, STM32MP133FAF7, STM32MP133FAG7, STM32MP135AAE3, STM32MP135AAF3, STM32MP135AAG3, STM32MP135CAE3, STM32MP135CAF3, STM32MP135CAG3, STM32MP135DAE7, STM32MP135DAF7, STM32MP135DAG7, STM32MP135F-DK, STM32MP135FAE7, STM32MP135FAF7, STM32MP135FAF7T, STM32MP135FAF7U, STM32MP135FAG7, STM32U595ZJT6Q, STM32U599BJY6QTR, STM32U599NIH6Q, STM32U599NJH6Q, STM32U5A5ZJT6Q, STM32U5A9BJY6QTR, STM32U5A9NJH6Q, STM32WB1MMCH6, STM32WL5MOCH6TR]
2024-01-23 09:12:56,772 [INFO] BoardInfo:879 - No configuration file found for board NUCLEO-H503RB
2024-01-23 09:12:56,772 [INFO] DbBoards:156 - Board is not supported: NUCLEO-H503RB
2024-01-23 09:12:56,773 [INFO] BoardInfo:879 - No configuration file found for board NUCLEO-H563ZI
2024-01-23 09:12:56,773 [INFO] DbBoards:156 - Board is not supported: NUCLEO-H563ZI
2024-01-23 09:12:56,808 [INFO] BoardInfo:879 - No configuration file found for board NUCLEO-U545RE-Q
2024-01-23 09:12:56,808 [INFO] DbBoards:156 - Board is not supported: NUCLEO-U545RE-Q
2024-01-23 09:12:56,810 [INFO] BoardInfo:879 - No configuration file found for board NUCLEO-U5A5ZJ-Q
2024-01-23 09:12:56,810 [INFO] DbBoards:156 - Board is not supported: NUCLEO-U5A5ZJ-Q
2024-01-23 09:12:56,814 [INFO] BoardInfo:879 - No configuration file found for board NUCLEO-WBA52CG
2024-01-23 09:12:56,814 [INFO] DbBoards:156 - Board is not supported: NUCLEO-WBA52CG
2024-01-23 09:12:56,819 [INFO] BoardInfo:879 - No configuration file found for board P-NUCLEO-WB55
2024-01-23 09:12:56,819 [INFO] DbBoards:156 - Kit is not supported: P-NUCLEO-WB55
2024-01-23 09:12:56,823 [INFO] BoardInfo:879 - No configuration file found for board STEVAL-BFA001V1B
2024-01-23 09:12:56,823 [INFO] DbBoards:156 - Kit is not supported: STEVAL-BFA001V1B
2024-01-23 09:12:56,824 [INFO] BoardInfo:879 - No configuration file found for board STEVAL-BFA001V2B
2024-01-23 09:12:56,824 [INFO] DbBoards:156 - Kit is not supported: STEVAL-BFA001V2B
2024-01-23 09:12:56,827 [INFO] BoardInfo:879 - No configuration file found for board STEVAL-MKBOXPRO
2024-01-23 09:12:56,827 [INFO] DbBoards:156 - Board is not supported: STEVAL-MKBOXPRO
2024-01-23 09:12:56,831 [INFO] BoardInfo:879 - No configuration file found for board STEVAL-SMARTAG2
2024-01-23 09:12:56,831 [INFO] DbBoards:156 - Board is not supported: STEVAL-SMARTAG2
2024-01-23 09:12:56,893 [INFO] BoardInfo:879 - No configuration file found for board STM32H573I-DK
2024-01-23 09:12:56,893 [INFO] DbBoards:156 - Board is not supported: STM32H573I-DK
2024-01-23 09:12:56,940 [INFO] BoardInfo:879 - No configuration file found for board STM32U5A9J-DK
2024-01-23 09:12:56,940 [INFO] DbBoards:156 - Board is not supported: STM32U5A9J-DK
2024-01-23 09:12:56,943 [INFO] DbBoards:160 - Found 188 boards, 176 are supported
2024-01-23 09:12:56,949 [INFO] ApiDb:413 - User favorites file not found: /Users/ess04/.stm32cubeide/favorites.boards.txt
2024-01-23 09:12:56,950 [INFO] DbBoards:189 - Set 0 / 0 favorites Boards
2024-01-23 09:14:09,230 [INFO] MainUpdater:2800 - connection check result : 10
2024-01-23 09:14:09,234 [INFO] MainUpdater:2800 - connection check result : 10
2024-01-23 09:14:09,880 [INFO] MicroXplorer:451 - Change Database Path : 
2024-01-23 09:14:09,884 [INFO] MicroXplorer:481 - Change Database Version : DB.6.0.70
2024-01-23 09:14:09,888 [WARN] ThirdParty:845 - waiting for thirdparty lock release [close project]
2024-01-23 09:14:09,888 [INFO] ThirdParty:847 - entering critical section [close project]
2024-01-23 09:14:09,893 [INFO] ThirdParty:857 - exiting critical section [close project]
2024-01-23 09:14:09,903 [INFO] PinOutPanel:1477 - setPackage(No Configuration,No Configuration)
2024-01-23 09:14:09,924 [INFO] UtilMem:74 - Begin LoadConfig() Used Memory: 573733728 Bytes (705691648)
2024-01-23 09:14:09,928 [INFO] MicroXplorer:451 - Change Database Path : 
2024-01-23 09:14:09,928 [INFO] MicroXplorer:481 - Change Database Version : DB.6.0.70
2024-01-23 09:14:09,928 [INFO] OpenFileManager:307 - Change cursor
2024-01-23 09:14:10,071 [INFO] Mcu:1925 - Initializing MCU STM32F407V(E-G)Tx STM32F407VGTx STM32F407VGT6
2024-01-23 09:14:12,264 [INFO] Context:654 - Trying to add GPIOservice into a context  which must be forbidden
2024-01-23 09:14:13,325 [INFO] RtosManager:489 - Registered RTOS mode: class=CMSIS, group=RTOS, mode=CMSIS_V1, owner=FREERTOS
2024-01-23 09:14:13,328 [INFO] RtosManager:489 - Registered RTOS mode: class=CMSIS, group=RTOS2, mode=CMSIS_V2, owner=FREERTOS
2024-01-23 09:14:13,328 [INFO] RtosManager:489 - Registered RTOS mode: class=RTOS, group=Core, mode=CMSIS_V1, owner=FREERTOS
2024-01-23 09:14:13,329 [INFO] RtosManager:489 - Registered RTOS mode: class=RTOS, group=Core, mode=CMSIS_V2, owner=FREERTOS
2024-01-23 09:14:13,329 [WARN] ModelIntegratedComponent:185 - Missing modes for component STMicroelectronics:FreeRTOS:0.0.1:STMicroelectronics:RTOS:FreeRTOS:Core:::10.2.0:
2024-01-23 09:14:13,362 [WARN] ModelIntegratedComponent:64 - No mode defined for component null
2024-01-23 09:14:13,362 [WARN] ModelIntegratedComponent:64 - No mode defined for component null
2024-01-23 09:14:13,362 [WARN] ModelIntegratedComponent:64 - No mode defined for component null
2024-01-23 09:14:13,362 [WARN] ModelIntegratedComponent:64 - No mode defined for component null
2024-01-23 09:14:13,362 [WARN] ModelIntegratedComponent:64 - No mode defined for component null
2024-01-23 09:14:13,362 [WARN] ModelIntegratedComponent:64 - No mode defined for component null
2024-01-23 09:14:13,362 [WARN] ModelIntegratedComponent:64 - No mode defined for component null
2024-01-23 09:14:13,362 [WARN] ModelIntegratedComponent:64 - No mode defined for component null
2024-01-23 09:14:13,362 [WARN] ModelIntegratedComponent:64 - No mode defined for component null
2024-01-23 09:14:13,362 [WARN] ModelIntegratedComponent:64 - No mode defined for component null
2024-01-23 09:14:13,362 [WARN] ModelIntegratedComponent:64 - No mode defined for component null
2024-01-23 09:14:13,362 [WARN] ModelIntegratedComponent:64 - No mode defined for component null
2024-01-23 09:14:13,362 [WARN] ModelIntegratedComponent:64 - No mode defined for component null
2024-01-23 09:14:13,362 [WARN] ModelIntegratedComponent:64 - No mode defined for component null
2024-01-23 09:14:13,362 [WARN] ModelIntegratedComponent:64 - No mode defined for component null
2024-01-23 09:14:13,363 [WARN] ModelIntegratedComponent:64 - No mode defined for component null
2024-01-23 09:14:13,363 [WARN] ModelIntegratedComponent:64 - No mode defined for component null
2024-01-23 09:14:13,363 [WARN] ModelIntegratedComponent:64 - No mode defined for component null
2024-01-23 09:14:13,363 [WARN] ModelIntegratedComponent:64 - No mode defined for component null
2024-01-23 09:14:13,363 [WARN] ModelIntegratedComponent:64 - No mode defined for component null
2024-01-23 09:14:13,363 [WARN] ModelIntegratedComponent:64 - No mode defined for component null
2024-01-23 09:14:13,363 [WARN] ModelIntegratedComponent:64 - No mode defined for component null
2024-01-23 09:14:13,363 [WARN] ModelIntegratedComponent:64 - No mode defined for component null
2024-01-23 09:14:13,363 [WARN] ModelIntegratedComponent:64 - No mode defined for component null
2024-01-23 09:14:13,363 [WARN] ModelIntegratedComponent:64 - No mode defined for component null
2024-01-23 09:14:13,363 [WARN] ModelIntegratedComponent:64 - No mode defined for component null
2024-01-23 09:14:13,363 [WARN] ModelIntegratedComponent:64 - No mode defined for component null
2024-01-23 09:14:13,363 [WARN] ModelIntegratedComponent:64 - No mode defined for component null
2024-01-23 09:14:13,363 [WARN] ModelIntegratedComponent:64 - No mode defined for component null
2024-01-23 09:14:13,363 [WARN] ModelIntegratedComponent:64 - No mode defined for component null
2024-01-23 09:14:13,363 [WARN] ModelIntegratedComponent:64 - No mode defined for component null
2024-01-23 09:14:13,363 [WARN] ModelIntegratedComponent:64 - No mode defined for component null
2024-01-23 09:14:13,363 [WARN] ModelIntegratedComponent:64 - No mode defined for component null
2024-01-23 09:14:13,580 [INFO] ThirdPartyModel:294 - Start build external matchings
2024-01-23 09:14:13,944 [INFO] ThirdPartyModel:310 - End build external matchings
2024-01-23 09:14:14,036 [INFO] ImportTextPane:193 - (OptionalMessage_ERROR) IP (RCC) : Parameter (RTCHSEDivFreq_Value) has invalid value (4000000)
2024-01-23 09:14:14,424 [INFO] UtilMem:74 - End LoadConfig() Used Memory: 573067320 Bytes (705691648)
2024-01-23 09:14:14,638 [WARN] ThirdParty:807 - waiting for thirdparty lock release [change project]
2024-01-23 09:14:14,639 [INFO] ThirdParty:809 - entering critical section [change project]
2024-01-23 09:14:14,640 [INFO] ThirdParty:999 - CMSIS Pack Vendor :STMicroelectronics X-CUBE-GNSS1 6.0.0
2024-01-23 09:14:14,640 [INFO] ThirdParty:999 - CMSIS Pack Vendor :STMicroelectronics USB_HOST 2.0.0
2024-01-23 09:14:14,640 [INFO] ThirdParty:999 - CMSIS Pack Vendor :STMicroelectronics X-CUBE-AZRTOS-F4 1.1.0
2024-01-23 09:14:14,640 [INFO] ThirdParty:999 - CMSIS Pack Vendor :STMicroelectronics LIBJPEG 8.0.0
2024-01-23 09:14:14,640 [INFO] ThirdParty:999 - CMSIS Pack Vendor :STMicroelectronics X-CUBE-SMBUS 2.1.0
2024-01-23 09:14:14,640 [INFO] ThirdParty:999 - CMSIS Pack Vendor :STMicroelectronics USB_DEVICE 3.0.0
2024-01-23 09:14:14,641 [INFO] ThirdParty:999 - CMSIS Pack Vendor :STMicroelectronics X-CUBE-AZRTOS-WB 2.0.0
2024-01-23 09:14:14,641 [INFO] ThirdParty:999 - CMSIS Pack Vendor :wolfSSL I-CUBE-wolfSSL 5.6.6
2024-01-23 09:14:14,641 [INFO] ThirdParty:999 - CMSIS Pack Vendor :STMicroelectronics X-CUBE-TOUCHGFX 4.23.0
2024-01-23 09:14:14,641 [INFO] ThirdParty:999 - CMSIS Pack Vendor :STMicroelectronics X-CUBE-AZRTOS-F7 1.1.0
2024-01-23 09:14:14,641 [INFO] ThirdParty:999 - CMSIS Pack Vendor :STMicroelectronics X-CUBE-AZRTOS-L5 2.0.0
2024-01-23 09:14:14,641 [INFO] ThirdParty:999 - CMSIS Pack Vendor :STMicroelectronics USB_DEVICE 2.0.0
2024-01-23 09:14:14,641 [INFO] ThirdParty:999 - CMSIS Pack Vendor :STMicroelectronics X-CUBE-EEPRMA1 4.2.0
2024-01-23 09:14:14,641 [INFO] ThirdParty:999 - CMSIS Pack Vendor :ITTIA_DB I-CUBE-ITTIADB 8.8.0
2024-01-23 09:14:14,641 [INFO] ThirdParty:999 - CMSIS Pack Vendor :STMicroelectronics FP-SNS-MOTENV1 4.3.2
2024-01-23 09:14:14,641 [INFO] ThirdParty:999 - CMSIS Pack Vendor :STMicroelectronics X-CUBE-ALGOBUILD 1.3.0
2024-01-23 09:14:14,641 [INFO] ThirdParty:999 - CMSIS Pack Vendor :STMicroelectronics FreeRTOS 0.0.1
2024-01-23 09:14:14,641 [INFO] ThirdParty:999 - CMSIS Pack Vendor :STMicroelectronics X-CUBE-AZRTOS-G0 1.1.0
2024-01-23 09:14:14,641 [INFO] ThirdParty:999 - CMSIS Pack Vendor :STMicroelectronics X-CUBE-NFC4 3.0.0
2024-01-23 09:14:14,641 [INFO] ThirdParty:999 - CMSIS Pack Vendor :STMicroelectronics X-CUBE-SUBG2 5.0.0
2024-01-23 09:14:14,641 [INFO] ThirdParty:999 - CMSIS Pack Vendor :STMicroelectronics STM32_WPAN 1.0.0
2024-01-23 09:14:14,642 [INFO] ThirdParty:999 - CMSIS Pack Vendor :STMicroelectronics lwIP 2.0.3
2024-01-23 09:14:14,642 [INFO] ThirdParty:999 - CMSIS Pack Vendor :STMicroelectronics FP-SNS-FLIGHT1 5.0.2
2024-01-23 09:14:14,642 [INFO] ThirdParty:999 - CMSIS Pack Vendor :STMicroelectronics USB_HOST 1.0.0
2024-01-23 09:14:14,642 [INFO] ThirdParty:999 - CMSIS Pack Vendor :STMicroelectronics X-CUBE-AZRTOS-G4 2.0.0
2024-01-23 09:14:14,642 [INFO] ThirdParty:999 - CMSIS Pack Vendor :STMicroelectronics PDM2PCM 3.1.0
2024-01-23 09:14:14,642 [INFO] ThirdParty:999 - CMSIS Pack Vendor :Infineon AIROC-Wi-Fi-Bluetooth-STM32 1.5.1
2024-01-23 09:14:14,642 [INFO] ThirdParty:999 - CMSIS Pack Vendor :STMicroelectronics X-CUBE-BLEMGR 3.0.0
2024-01-23 09:14:14,642 [INFO] ThirdParty:999 - CMSIS Pack Vendor :STMicroelectronics PDM2PCM 3.3.0
2024-01-23 09:14:14,642 [INFO] ThirdParty:999 - CMSIS Pack Vendor :STMicroelectronics X-CUBE-DISPLAY 3.0.0
2024-01-23 09:14:14,642 [INFO] ThirdParty:999 - CMSIS Pack Vendor :STMicroelectronics FP-SNS-MOTENVWB1 1.3.1
2024-01-23 09:14:14,642 [INFO] ThirdParty:999 - CMSIS Pack Vendor :STMicroelectronics X-CUBE-BLE1 7.0.0
2024-01-23 09:14:14,642 [INFO] ThirdParty:999 - CMSIS Pack Vendor :STMicroelectronics FP-ATR-SIGFOX1 3.2.0
2024-01-23 09:14:14,642 [INFO] ThirdParty:999 - CMSIS Pack Vendor :STMicroelectronics X-CUBE-ISPU 2.0.0
2024-01-23 09:14:14,642 [INFO] ThirdParty:999 - CMSIS Pack Vendor :STMicroelectronics HAL Drivers 0.0.0
2024-01-23 09:14:14,642 [INFO] ThirdParty:999 - CMSIS Pack Vendor :STMicroelectronics MBEDTLS 2.16.2
2024-01-23 09:14:14,642 [INFO] ThirdParty:999 - CMSIS Pack Vendor :emotas I-CUBE-CANOPEN 1.3.0
2024-01-23 09:14:14,642 [INFO] ThirdParty:999 - CMSIS Pack Vendor :STMicroelectronics X-CUBE-MEMS1 10.0.0
2024-01-23 09:14:14,642 [INFO] ThirdParty:999 - CMSIS Pack Vendor :STMicroelectronics X-CUBE-FREERTOS 1.1.0
2024-01-23 09:14:14,642 [INFO] ThirdParty:999 - CMSIS Pack Vendor :STMicroelectronics X-CUBE-NFC7 1.0.1
2024-01-23 09:14:14,642 [INFO] ThirdParty:999 - CMSIS Pack Vendor :STMicroelectronics MBEDTLS 2.14.1
2024-01-23 09:14:14,642 [INFO] ThirdParty:999 - CMSIS Pack Vendor :STMicroelectronics X-CUBE-NFC6 3.0.0
2024-01-23 09:14:14,642 [INFO] ThirdParty:999 - CMSIS Pack Vendor :portGmbH I-Cube-SoM-uGOAL 1.1.0
2024-01-23 09:14:14,642 [INFO] ThirdParty:999 - CMSIS Pack Vendor :STMicroelectronics X-CUBE-ALS 1.0.1
2024-01-23 09:14:14,642 [INFO] ThirdParty:999 - CMSIS Pack Vendor :STMicroelectronics ThreadX 1.0.0
2024-01-23 09:14:14,642 [INFO] ThirdParty:999 - CMSIS Pack Vendor :STMicroelectronics FP-SNS-SMARTAG2 1.2.0
2024-01-23 09:14:14,642 [INFO] ThirdParty:999 - CMSIS Pack Vendor :STMicroelectronics X-CUBE-AZRTOS-WL 2.0.0
2024-01-23 09:14:14,642 [INFO] ThirdParty:999 - CMSIS Pack Vendor :SEGGER I-CUBE-embOS 1.3.1
2024-01-23 09:14:14,642 [INFO] ThirdParty:999 - CMSIS Pack Vendor :STMicroelectronics USB_DEVICE 1.0.0
2024-01-23 09:14:14,642 [INFO] ThirdParty:999 - CMSIS Pack Vendor :STMicroelectronics X-CUBE-AI 8.1.0
2024-01-23 09:14:14,643 [INFO] ThirdParty:999 - CMSIS Pack Vendor :STMicroelectronics X-CUBE-AZRTOS-L4 2.0.0
2024-01-23 09:14:14,643 [INFO] ThirdParty:999 - CMSIS Pack Vendor :STMicroelectronics ThreadX 0.0.2
2024-01-23 09:14:14,643 [INFO] ThirdParty:999 - CMSIS Pack Vendor :WES I-CUBE-Cesium 1.3.0
2024-01-23 09:14:14,643 [INFO] ThirdParty:999 - CMSIS Pack Vendor :STMicroelectronics FP-ATR-ASTRA1 2.0.0
2024-01-23 09:14:14,643 [INFO] ThirdParty:999 - CMSIS Pack Vendor :STMicroelectronics lwIP 2.1.2
2024-01-23 09:14:14,643 [INFO] ThirdParty:999 - CMSIS Pack Vendor :STMicroelectronics X-CUBE-SFXS2LP1 4.0.0
2024-01-23 09:14:14,643 [INFO] ThirdParty:999 - CMSIS Pack Vendor :STMicroelectronics X-CUBE-BLE2 3.3.0
2024-01-23 09:14:14,643 [INFO] ThirdParty:999 - CMSIS Pack Vendor :STMicroelectronics X-CUBE-TOF1 3.4.0
2024-01-23 09:14:14,643 [INFO] ThirdParty:999 - CMSIS Pack Vendor :STMicroelectronics X-CUBE-AZRTOS-H7 3.2.0
2024-01-23 09:14:14,643 [INFO] ThirdParty:999 - CMSIS Pack Vendor :STMicroelectronics PDM2PCM 3.2.0
2024-01-23 09:14:14,646 [INFO] ThirdParty:815 - exiting critical section [change project]
2024-01-23 09:14:15,621 [INFO] PinOutPanel:1477 - setPackage(No Configuration,No Configuration)
2024-01-23 09:14:15,626 [INFO] PinOutPanel:1477 - setPackage(STM32F407VGTx,LQFP100)
2024-01-23 09:14:16,991 [INFO] UtilMem:74 - Before build in PCC Used Memory: 622258440 Bytes (705691648)
2024-01-23 09:14:18,813 [INFO] UtilMem:74 - After build in PCC Used Memory: 594153536 Bytes (705691648)
2024-01-23 09:14:18,949 [INFO] ApiDbMcu:505 - Load IP Config File for USB_HOST
2024-01-23 09:14:18,960 [WARN] BspModel:442 - BSP dependency skipped because of component: name='IOExpander', api='Unknown'
2024-01-23 09:14:19,156 [INFO] IPUIPlugin:79 - create IPUIPlugin
2024-01-23 09:14:19,163 [INFO] IPUIPlugin:79 - create IPUIPlugin
2024-01-23 09:14:19,164 [INFO] IPUIPlugin:79 - create IPUIPlugin
2024-01-23 09:14:19,164 [INFO] IPUIPlugin:79 - create IPUIPlugin
2024-01-23 09:14:19,164 [INFO] IPUIPlugin:79 - create IPUIPlugin
2024-01-23 09:14:19,165 [INFO] IPUIPlugin:79 - create IPUIPlugin
2024-01-23 09:14:19,165 [INFO] IPUIPlugin:79 - create IPUIPlugin
2024-01-23 09:14:19,166 [INFO] IPUIPlugin:79 - create IPUIPlugin
2024-01-23 09:14:19,168 [INFO] IPUIPlugin:79 - create IPUIPlugin
2024-01-23 09:14:19,168 [INFO] IPUIPlugin:79 - create IPUIPlugin
2024-01-23 09:14:19,168 [INFO] IPUIPlugin:79 - create IPUIPlugin
2024-01-23 09:14:19,168 [INFO] IPUIPlugin:79 - create IPUIPlugin
2024-01-23 09:14:19,176 [INFO] IPUIPlugin:79 - create IPUIPlugin
2024-01-23 09:14:19,178 [INFO] IPUIPlugin:79 - create IPUIPlugin
2024-01-23 09:14:19,178 [INFO] IPUIPlugin:79 - create IPUIPlugin
2024-01-23 09:14:19,178 [INFO] IPUIPlugin:79 - create IPUIPlugin
2024-01-23 09:14:19,179 [INFO] IPUIPlugin:79 - create IPUIPlugin
2024-01-23 09:14:19,179 [INFO] IPUIPlugin:79 - create IPUIPlugin
2024-01-23 09:14:19,180 [INFO] IPUIPlugin:79 - create IPUIPlugin
2024-01-23 09:14:19,180 [INFO] IPUIPlugin:79 - create IPUIPlugin
2024-01-23 09:14:19,180 [INFO] IPUIPlugin:79 - create IPUIPlugin
2024-01-23 09:14:19,181 [INFO] IPUIPlugin:79 - create IPUIPlugin
2024-01-23 09:14:19,181 [INFO] IPUIPlugin:79 - create IPUIPlugin
2024-01-23 09:14:19,182 [INFO] IPUIPlugin:79 - create IPUIPlugin
2024-01-23 09:14:19,182 [INFO] IPUIPlugin:79 - create IPUIPlugin
2024-01-23 09:14:19,182 [INFO] IPUIPlugin:79 - create IPUIPlugin
2024-01-23 09:14:19,182 [INFO] IPUIPlugin:79 - create IPUIPlugin
2024-01-23 09:14:19,182 [INFO] IPUIPlugin:79 - create IPUIPlugin
2024-01-23 09:14:19,182 [INFO] IPUIPlugin:79 - create IPUIPlugin
2024-01-23 09:14:19,182 [INFO] IPUIPlugin:79 - create IPUIPlugin
2024-01-23 09:14:19,183 [INFO] IPUIPlugin:79 - create IPUIPlugin
2024-01-23 09:14:19,183 [INFO] IPUIPlugin:79 - create IPUIPlugin
2024-01-23 09:14:19,183 [INFO] IPUIPlugin:79 - create IPUIPlugin
2024-01-23 09:14:19,183 [INFO] IPUIPlugin:79 - create IPUIPlugin
2024-01-23 09:14:19,183 [INFO] IPUIPlugin:79 - create IPUIPlugin
2024-01-23 09:14:19,183 [INFO] IPUIPlugin:79 - create IPUIPlugin
2024-01-23 09:14:19,183 [INFO] IPUIPlugin:79 - create IPUIPlugin
2024-01-23 09:14:19,183 [INFO] IPUIPlugin:79 - create IPUIPlugin
2024-01-23 09:14:19,183 [INFO] IPUIPlugin:79 - create IPUIPlugin
2024-01-23 09:14:19,183 [INFO] IPUIPlugin:79 - create IPUIPlugin
2024-01-23 09:14:19,183 [INFO] IPUIPlugin:79 - create IPUIPlugin
2024-01-23 09:14:19,183 [INFO] IPUIPlugin:79 - create IPUIPlugin
2024-01-23 09:14:19,184 [INFO] IPUIPlugin:79 - create IPUIPlugin
2024-01-23 09:14:19,184 [INFO] IPUIPlugin:79 - create IPUIPlugin
2024-01-23 09:14:19,184 [INFO] IPUIPlugin:79 - create IPUIPlugin
2024-01-23 09:14:19,184 [INFO] IPUIPlugin:79 - create IPUIPlugin
2024-01-23 09:14:19,184 [INFO] IPUIPlugin:79 - create IPUIPlugin
2024-01-23 09:14:19,184 [INFO] IPUIPlugin:79 - create IPUIPlugin
2024-01-23 09:14:19,184 [INFO] IPUIPlugin:79 - create IPUIPlugin
2024-01-23 09:14:19,184 [INFO] IPUIPlugin:79 - create IPUIPlugin
2024-01-23 09:14:19,185 [INFO] IPUIPlugin:79 - create IPUIPlugin
2024-01-23 09:14:19,185 [INFO] IPUIPlugin:79 - create IPUIPlugin
2024-01-23 09:14:19,185 [INFO] IPUIPlugin:79 - create IPUIPlugin
2024-01-23 09:14:19,185 [INFO] IPUIPlugin:79 - create IPUIPlugin
2024-01-23 09:14:19,191 [INFO] IPUIPlugin:79 - create IPUIPlugin
2024-01-23 09:14:19,192 [INFO] IPUIPlugin:79 - create IPUIPlugin
2024-01-23 09:14:19,193 [INFO] IPUIPlugin:79 - create IPUIPlugin
2024-01-23 09:14:19,195 [INFO] IPUIPlugin:79 - create IPUIPlugin
2024-01-23 09:14:19,295 [INFO] ApiDbMcu:505 - Load IP Config File for PDM2PCM
2024-01-23 09:14:19,325 [WARN] IP:2112 - I2C_Coeff_DF not found: check if there is a RefParameter without a condition.
2024-01-23 09:14:19,327 [WARN] IP:2112 - Analog_Filter not found: check if there is a RefParameter without a condition.
2024-01-23 09:14:19,357 [INFO] I2sManager:630 - 9.6E7
2024-01-23 09:14:19,370 [INFO] I2sManager:183 - I2S Clock Value : 9.6E7
2024-01-23 09:14:19,378 [INFO] I2sManager:524 - AudioClock : 93750Divider : 2Odd : 0
2024-01-23 09:14:19,887 [INFO] CADModel:164 - CPN selected for project levelSTM32F407VGT6
2024-01-23 09:14:19,888 [INFO] CADModel:113 - Register for checkConnection events
2024-01-23 09:14:19,945 [INFO] OpenFileManager:327 - Restore cursor
2024-01-23 09:14:20,375 [WARN] IP:2112 - I2C_Coeff_DF not found: check if there is a RefParameter without a condition.
2024-01-23 09:14:20,379 [WARN] IP:2112 - Analog_Filter not found: check if there is a RefParameter without a condition.
2024-01-23 09:14:20,380 [WARN] IP:2112 - I2C_Coeff_DF not found: check if there is a RefParameter without a condition.
2024-01-23 09:14:20,380 [WARN] IP:2112 - Analog_Filter not found: check if there is a RefParameter without a condition.
2024-01-23 09:14:21,639 [INFO] UtilMem:74 - End SaveConfig() Used Memory: 610586480 Bytes (705691648)
2024-01-23 09:14:21,878 [INFO] UtilMem:74 - End SaveConfig() Used Memory: 569837504 Bytes (705691648)
2024-01-23 09:14:22,726 [INFO] BlockDiagram:2759 - set Specific Code input for plugin: SPI
2024-01-23 09:14:22,730 [INFO] BlockDiagram:2759 - set Specific Code input for plugin: I2S
2024-01-23 09:14:22,730 [INFO] BlockDiagram:2759 - set Specific Code input for plugin: SYS
2024-01-23 09:14:22,730 [INFO] BlockDiagram:2759 - set Specific Code input for plugin: RCC
2024-01-23 09:14:22,730 [INFO] BlockDiagram:2759 - set Specific Code input for plugin: I2C
2024-01-23 09:14:22,730 [INFO] BlockDiagram:2759 - set Specific Code input for plugin: USB_OTG_FS
2024-01-23 09:14:22,730 [INFO] BlockDiagram:2759 - set Specific Code input for plugin: NVIC
2024-01-23 09:14:22,730 [INFO] BlockDiagram:2759 - set Specific Code input for plugin: USB_HOST
2024-01-23 09:14:22,731 [INFO] BlockDiagram:2759 - set Specific Code input for plugin: GPIO
2024-01-23 09:14:22,734 [INFO] CodeGenerator:692 - code generatio: config db path: /Applications/STM32CubeIDE.app/Contents/Eclipse/plugins/com.st.stm32cube.common.mx_6.7.0.202301130839//db/
2024-01-23 09:14:22,755 [WARN] IP:2112 - I2C_Coeff_DF not found: check if there is a RefParameter without a condition.
2024-01-23 09:14:22,755 [WARN] IP:2112 - Analog_Filter not found: check if there is a RefParameter without a condition.
2024-01-23 09:14:23,324 [INFO] CodeEngine:247 - oldGeneratedFile, /Users/ess04/oxford_embedded_software_systems/ESS/ess_skeleton/MXTmpFiles/license.tmp_save
2024-01-23 09:14:23,818 [INFO] CodeEngine:271 - Generated code: /Users/ess04/oxford_embedded_software_systems/ESS/ess_skeleton/MXTmpFiles/license.tmp
2024-01-23 09:14:24,005 [INFO] CodeEngine:247 - oldGeneratedFile, /Users/ess04/oxford_embedded_software_systems/ESS/ess_skeleton/MXTmpFiles/gpio.tmp_save
2024-01-23 09:14:24,220 [INFO] CodeEngine:271 - Generated code: /Users/ess04/oxford_embedded_software_systems/ESS/ess_skeleton/MXTmpFiles/gpio.tmp
2024-01-23 09:14:24,482 [WARN] IPConfigManager:2928 - Warning: the RefConfig PWREx_EnableUSBVoltageDetector is not available in your config.xml file
2024-01-23 09:14:24,499 [INFO] CodeEngine:247 - oldGeneratedFile, /Users/ess04/oxford_embedded_software_systems/ESS/ess_skeleton/MXTmpFiles/usb_otg_fs_vars.tmp_save
2024-01-23 09:14:24,773 [INFO] CodeEngine:271 - Generated code: /Users/ess04/oxford_embedded_software_systems/ESS/ess_skeleton/MXTmpFiles/usb_otg_fs_vars.tmp
2024-01-23 09:14:24,793 [INFO] CodeEngine:247 - oldGeneratedFile, /Users/ess04/oxford_embedded_software_systems/ESS/ess_skeleton/MXTmpFiles/usb_otg_fs_inc.tmp_save
2024-01-23 09:14:25,065 [INFO] CodeEngine:271 - Generated code: /Users/ess04/oxford_embedded_software_systems/ESS/ess_skeleton/MXTmpFiles/usb_otg_fs_inc.tmp
2024-01-23 09:14:25,079 [INFO] CodeEngine:247 - oldGeneratedFile, /Users/ess04/oxford_embedded_software_systems/ESS/ess_skeleton/MXTmpFiles/usb_otg_fs_HalInit.tmp_save
2024-01-23 09:14:25,279 [INFO] CodeEngine:271 - Generated code: /Users/ess04/oxford_embedded_software_systems/ESS/ess_skeleton/MXTmpFiles/usb_otg_fs_HalInit.tmp
2024-01-23 09:14:25,299 [INFO] CodeEngine:247 - oldGeneratedFile, /Users/ess04/oxford_embedded_software_systems/ESS/ess_skeleton/MXTmpFiles/usb_otg_fs_Msp.tmp_save
2024-01-23 09:14:25,473 [INFO] CodeEngine:271 - Generated code: /Users/ess04/oxford_embedded_software_systems/ESS/ess_skeleton/MXTmpFiles/usb_otg_fs_Msp.tmp
2024-01-23 09:14:25,929 [INFO] CodeEngine:247 - oldGeneratedFile, /Users/ess04/oxford_embedded_software_systems/ESS/ess_skeleton/USB_HOST/App/usb_host.c_save
2024-01-23 09:14:26,067 [INFO] CodeEngine:271 - Generated code: /Users/ess04/oxford_embedded_software_systems/ESS/ess_skeleton/USB_HOST/App/usb_host.c
2024-01-23 09:14:26,076 [INFO] CodeEngine:247 - oldGeneratedFile, /Users/ess04/oxford_embedded_software_systems/ESS/ess_skeleton/USB_HOST/App/usb_host.h_save
2024-01-23 09:14:26,253 [INFO] CodeEngine:271 - Generated code: /Users/ess04/oxford_embedded_software_systems/ESS/ess_skeleton/USB_HOST/App/usb_host.h
2024-01-23 09:14:26,275 [INFO] CodeEngine:247 - oldGeneratedFile, /Users/ess04/oxford_embedded_software_systems/ESS/ess_skeleton/USB_HOST/Target/usbh_conf.h_save
2024-01-23 09:14:26,405 [INFO] CodeEngine:271 - Generated code: /Users/ess04/oxford_embedded_software_systems/ESS/ess_skeleton/USB_HOST/Target/usbh_conf.h
2024-01-23 09:14:26,416 [INFO] CodeEngine:247 - oldGeneratedFile, /Users/ess04/oxford_embedded_software_systems/ESS/ess_skeleton/USB_HOST/Target/usbh_conf.c_save
2024-01-23 09:14:26,534 [INFO] CodeEngine:271 - Generated code: /Users/ess04/oxford_embedded_software_systems/ESS/ess_skeleton/USB_HOST/Target/usbh_conf.c
2024-01-23 09:14:26,550 [INFO] CodeEngine:247 - oldGeneratedFile, /Users/ess04/oxford_embedded_software_systems/ESS/ess_skeleton/USB_HOST/Target/usbh_platform.c_save
2024-01-23 09:14:26,658 [INFO] CodeEngine:271 - Generated code: /Users/ess04/oxford_embedded_software_systems/ESS/ess_skeleton/USB_HOST/Target/usbh_platform.c
2024-01-23 09:14:26,672 [INFO] CodeEngine:247 - oldGeneratedFile, /Users/ess04/oxford_embedded_software_systems/ESS/ess_skeleton/USB_HOST/Target/usbh_platform.h_save
2024-01-23 09:14:26,773 [INFO] CodeEngine:271 - Generated code: /Users/ess04/oxford_embedded_software_systems/ESS/ess_skeleton/USB_HOST/Target/usbh_platform.h
2024-01-23 09:14:26,805 [INFO] CodeEngine:247 - oldGeneratedFile, /Users/ess04/oxford_embedded_software_systems/ESS/ess_skeleton/Core/Src/stm32f4xx_it.c_save
2024-01-23 09:14:26,944 [INFO] CodeEngine:271 - Generated code: /Users/ess04/oxford_embedded_software_systems/ESS/ess_skeleton/Core/Src/stm32f4xx_it.c
2024-01-23 09:14:26,959 [INFO] CodeEngine:247 - oldGeneratedFile, /Users/ess04/oxford_embedded_software_systems/ESS/ess_skeleton/Core/Inc/stm32f4xx_it.h_save
2024-01-23 09:14:27,119 [INFO] CodeEngine:271 - Generated code: /Users/ess04/oxford_embedded_software_systems/ESS/ess_skeleton/Core/Inc/stm32f4xx_it.h
2024-01-23 09:14:27,155 [INFO] CodeEngine:247 - oldGeneratedFile, /Users/ess04/oxford_embedded_software_systems/ESS/ess_skeleton/Core/Src/stm32f4xx_hal_msp.c_save
2024-01-23 09:14:27,340 [INFO] CodeEngine:271 - Generated code: /Users/ess04/oxford_embedded_software_systems/ESS/ess_skeleton/Core/Src/stm32f4xx_hal_msp.c
2024-01-23 09:14:27,356 [INFO] CodeEngine:247 - oldGeneratedFile, /Users/ess04/oxford_embedded_software_systems/ESS/ess_skeleton/MXTmpFiles/system.tmp_save
2024-01-23 09:14:27,463 [INFO] CodeEngine:271 - Generated code: /Users/ess04/oxford_embedded_software_systems/ESS/ess_skeleton/MXTmpFiles/system.tmp
2024-01-23 09:14:27,479 [INFO] CodeEngine:303 - oldGeneratedFile, /Users/ess04/oxford_embedded_software_systems/ESS/ess_skeleton/Core/Inc/stm32f4xx_hal_conf.h_save
2024-01-23 09:14:27,815 [INFO] CodeEngine:327 - Generated code: /Users/ess04/oxford_embedded_software_systems/ESS/ess_skeleton/Core/Inc/stm32f4xx_hal_conf.h
2024-01-23 09:14:28,009 [INFO] CodeEngine:247 - oldGeneratedFile, /Users/ess04/oxford_embedded_software_systems/ESS/ess_skeleton/Core/Inc/main.h_save
2024-01-23 09:14:28,196 [INFO] CodeEngine:271 - Generated code: /Users/ess04/oxford_embedded_software_systems/ESS/ess_skeleton/Core/Inc/main.h
2024-01-23 09:14:28,210 [INFO] CodeEngine:247 - oldGeneratedFile, /Users/ess04/oxford_embedded_software_systems/ESS/ess_skeleton/Core/Src/main.c_save
2024-01-23 09:14:28,444 [INFO] CodeEngine:271 - Generated code: /Users/ess04/oxford_embedded_software_systems/ESS/ess_skeleton/Core/Src/main.c
2024-01-23 09:14:30,269 [INFO] ProjectBuilder:2919 - Time for Copy HAL[1] : 1011mS.
2024-01-23 09:14:30,314 [INFO] ProjectBuilder:4183 - Project Generator version: 3.18.0-B7
2024-01-23 09:14:30,717 [INFO] ConfigFileManager:1396 - The Die is : DIE413
2024-01-23 09:14:30,744 [INFO] ApiDbMcu:505 - Load IP Config File for FATFS
2024-01-23 09:14:30,762 [INFO] ApiDbMcu:505 - Load IP Config File for FREERTOS
2024-01-23 09:14:30,778 [INFO] ApiDbMcu:505 - Load IP Config File for LIBJPEG
2024-01-23 09:14:30,794 [INFO] ApiDbMcu:505 - Load IP Config File for LWIP
2024-01-23 09:14:30,814 [INFO] ApiDbMcu:505 - Load IP Config File for MBEDTLS
2024-01-23 09:14:30,836 [INFO] ApiDbMcu:505 - Load IP Config File for USB_DEVICE
2024-01-23 09:14:37,467 [INFO] ProjectBuilder:4351 - Time for Generating toolchain IDE Files: 7147mS.
2024-01-23 09:14:37,481 [INFO] ProjectBuilder:2790 - Time for Copy CMSIS : 4mS.
2024-01-23 09:14:37,486 [INFO] ProjectBuilder:2790 - Time for Copy CMSIS : 0mS.
2024-01-23 09:14:38,030 [INFO] McuFinderGlobals:65 - Set McuFinderConnectedMode to true
2024-01-23 09:14:38,035 [INFO] ApiDb:447 - Save user favorites file /Users/ess04/.stm32cubeide/favorites.mcus.txt: 0 item(s)
2024-01-23 09:14:38,036 [INFO] ApiDb:451 - User favorites MCUs=[]
2024-01-23 13:58:11,517 [INFO] LogOutputStream:76 - [STDOUT_REDIRECT] StartTraceHandler.execute(), success : Collect=true
2024-01-23 14:03:21,090 [INFO] LogOutputStream:76 - [STDOUT_REDIRECT] StartTraceHandler.execute(), success : Collect=false
2024-01-23 14:03:26,855 [INFO] LogOutputStream:76 - [STDOUT_REDIRECT] StartTraceHandler.execute(), success : Collect=true
2024-01-23 14:08:52,216 [INFO] LogOutputStream:76 - [STDOUT_REDIRECT] StartTraceHandler.execute(), success : Collect=false
2024-01-23 14:09:03,814 [INFO] LogOutputStream:76 - [STDOUT_REDIRECT] StartTraceHandler.execute(), success : Collect=true
