2024-01-22 21:30:40,907 [INFO] Activator:176 - 


2024-01-22 21:30:40,907 [INFO] Activator:177 - !SESSION log4j initialized
2024-01-22 21:30:52,333 [INFO] LogOutputStream:77 - [STDOUT_REDIRECT] 
2024-01-22 21:31:02,602 [INFO] ApplicationProperties:184 - Using Application install path: C:\ST\STM32CubeIDE_1.14.1\STM32CubeIDE\plugins\com.st.stm32cube.common.mx_6.10.0.202311202037
2024-01-22 21:31:02,674 [INFO] DbMcusXml:78 - Set database path to: C:\ST\STM32CubeIDE_1.14.1\STM32CubeIDE\plugins\com.st.stm32cube.common.mx_6.10.0.202311202037\\db\/mcu/
2024-01-22 21:31:02,674 [INFO] ApiDb:274 - Set plugin database path to: C:\ST\STM32CubeIDE_1.14.1\STM32CubeIDE\plugins\com.st.stm32cube.common.mx_6.10.0.202311202037\\db\/plugins/boardmanager/
2024-01-22 21:31:02,675 [WARN] ApiDb:259 - Overriding images path with different value:  => C:\ST\STM32CubeIDE_1.14.1\STM32CubeIDE\plugins\com.st.stm32cube.common.mx_6.10.0.202311202037\\db\/plugins/mcufinder/images/
2024-01-22 21:31:06,951 [WARN] ApiFinderProperties:113 - C:\Users\lao8n\.stmcufinder\plugins\mcufinder\mcu\mcuFinder.mfd doesn't exist
2024-01-22 21:31:06,953 [INFO] ApiDb:250 - Set database path to: C:\Users\lao8n\.stmcufinder\plugins\mcufinder//mcu/
2024-01-22 21:31:06,956 [INFO] DbMcusAds:125 - Set database path to: C:\Users\lao8n\.stmcufinder\plugins\mcufinder//mcu/
2024-01-22 21:31:07,016 [INFO] CrossReferenceDbSqlite:203 - Set database path to: C:\Users\lao8n\.stmcufinder\plugins\mcufinder//mcu/cs/
2024-01-22 21:31:07,331 [INFO] RulesReader:64 - Compatibility file has been processed (297 Rules)
2024-01-22 21:31:07,555 [INFO] DbMcusXml:78 - Set database path to: C:\ST\STM32CubeIDE_1.14.1\STM32CubeIDE\plugins\com.st.stm32cube.common.mx_6.10.0.202311202037\\db\/mcu/
2024-01-22 21:31:07,556 [INFO] ApiDb:274 - Set plugin database path to: C:\ST\STM32CubeIDE_1.14.1\STM32CubeIDE\plugins\com.st.stm32cube.common.mx_6.10.0.202311202037\\db\/plugins/boardmanager/
2024-01-22 21:31:07,556 [INFO] ApiDb:261 - Set plugin images path to: C:\ST\STM32CubeIDE_1.14.1\STM32CubeIDE\plugins\com.st.stm32cube.common.mx_6.10.0.202311202037\\db\/plugins/mcufinder/images/
2024-01-22 21:31:07,557 [WARN] DbFile:41 - Overriding database path with different value: C:\Users\lao8n\.stmcufinder\plugins\mcufinder/ => C:\Users\lao8n\.stmcufinder\plugins\mcufinder
2024-01-22 21:31:07,557 [INFO] ApiDb:250 - Set database path to: C:\Users\lao8n\.stmcufinder\plugins\mcufinder//mcu/
2024-01-22 21:31:07,557 [WARN] DbFile:41 - Overriding database path with different value: C:\Users\lao8n\.stmcufinder\plugins\mcufinder/ => C:\Users\lao8n\.stmcufinder\plugins\mcufinder
2024-01-22 21:31:07,557 [INFO] DbMcusAds:125 - Set database path to: C:\Users\lao8n\.stmcufinder\plugins\mcufinder//mcu/
2024-01-22 21:31:07,558 [WARN] DbFile:41 - Overriding database path with different value: C:\Users\lao8n\.stmcufinder\plugins\mcufinder/ => C:\Users\lao8n\.stmcufinder\plugins\mcufinder
2024-01-22 21:31:07,558 [WARN] DbFile:41 - Overriding database path with different value: C:\Users\lao8n\.stmcufinder\plugins\mcufinder/ => C:\Users\lao8n\.stmcufinder\plugins\mcufinder
2024-01-22 21:31:07,558 [INFO] CrossReferenceDbSqlite:203 - Set database path to: C:\Users\lao8n\.stmcufinder\plugins\mcufinder//mcu/cs/
2024-01-22 21:31:07,735 [INFO] MainPanel:264 - HeapMemory: 268435456
2024-01-22 21:31:07,974 [INFO] DbMcusXml:78 - Set database path to: C:\ST\STM32CubeIDE_1.14.1\STM32CubeIDE\plugins\com.st.stm32cube.common.mx_6.10.0.202311202037\\db\/mcu/
2024-01-22 21:31:07,975 [INFO] ApiDb:274 - Set plugin database path to: C:\ST\STM32CubeIDE_1.14.1\STM32CubeIDE\plugins\com.st.stm32cube.common.mx_6.10.0.202311202037\\db\/plugins/boardmanager/
2024-01-22 21:31:07,975 [INFO] ApiDb:261 - Set plugin images path to: C:\ST\STM32CubeIDE_1.14.1\STM32CubeIDE\plugins\com.st.stm32cube.common.mx_6.10.0.202311202037\\db\/plugins/mcufinder/images/
2024-01-22 21:31:07,976 [WARN] DbFile:41 - Overriding database path with different value: C:\Users\lao8n\.stmcufinder\plugins\mcufinder/ => C:\Users\lao8n\.stmcufinder\plugins\mcufinder
2024-01-22 21:31:07,976 [INFO] ApiDb:250 - Set database path to: C:\Users\lao8n\.stmcufinder\plugins\mcufinder//mcu/
2024-01-22 21:31:07,976 [WARN] DbFile:41 - Overriding database path with different value: C:\Users\lao8n\.stmcufinder\plugins\mcufinder/ => C:\Users\lao8n\.stmcufinder\plugins\mcufinder
2024-01-22 21:31:07,977 [INFO] DbMcusAds:125 - Set database path to: C:\Users\lao8n\.stmcufinder\plugins\mcufinder//mcu/
2024-01-22 21:31:07,977 [WARN] DbFile:41 - Overriding database path with different value: C:\Users\lao8n\.stmcufinder\plugins\mcufinder/ => C:\Users\lao8n\.stmcufinder\plugins\mcufinder
2024-01-22 21:31:07,977 [WARN] DbFile:41 - Overriding database path with different value: C:\Users\lao8n\.stmcufinder\plugins\mcufinder/ => C:\Users\lao8n\.stmcufinder\plugins\mcufinder
2024-01-22 21:31:07,978 [INFO] CrossReferenceDbSqlite:203 - Set database path to: C:\Users\lao8n\.stmcufinder\plugins\mcufinder//mcu/cs/
2024-01-22 21:31:08,025 [INFO] ApplicationProperties:184 - Using Application install path: C:\ST\STM32CubeIDE_1.14.1\STM32CubeIDE\plugins\com.st.stm32cube.common.mx_6.10.0.202311202037
2024-01-22 21:31:08,028 [INFO] PluginManage:196 - Search for loadable plugins [exclusion list=, ]
2024-01-22 21:31:08,031 [INFO] PluginManage:310 - Check plugin analytics
2024-01-22 21:31:08,562 [INFO] AnalyticsPlugin:253 - Accepted Software Licenses: 
2024-01-22 21:31:08,562 [INFO] AnalyticsPlugin:255 - Accepted CMSIS Pack Licenses: 
2024-01-22 21:31:08,563 [INFO] AnalyticsPlugin:257 - Accepted Firmware Licenses: 
2024-01-22 21:31:08,582 [INFO] PluginManage:359 - Loaded plugin analytics (category:tool,tabindex:-1)
2024-01-22 21:31:08,583 [INFO] PluginManage:310 - Check plugin cadmodel
2024-01-22 21:31:08,622 [INFO] CADModel:105 - Init CAD model plugin
2024-01-22 21:31:08,623 [INFO] PluginManage:359 - Loaded plugin cadmodel (category:power,tabindex:5)
2024-01-22 21:31:08,623 [INFO] PluginManage:310 - Check plugin clock
2024-01-22 21:31:08,725 [INFO] PluginManage:359 - Loaded plugin clock (category:base,tabindex:2)
2024-01-22 21:31:08,726 [INFO] PluginManage:310 - Check plugin ddr
2024-01-22 21:31:08,735 [INFO] PluginManage:359 - Loaded plugin ddr (category:tool,tabindex:6)
2024-01-22 21:31:08,735 [INFO] PluginManage:310 - Check plugin filemanager
2024-01-22 21:31:09,184 [INFO] PluginManage:359 - Loaded plugin filemanager (category:base,tabindex:10)
2024-01-22 21:31:09,185 [INFO] PluginManage:310 - Check plugin ipmanager
2024-01-22 21:31:09,206 [INFO] PluginManage:359 - Loaded plugin ipmanager (category:base,tabindex:5)
2024-01-22 21:31:09,206 [INFO] PluginManage:310 - Check plugin lpbam
2024-01-22 21:31:09,269 [INFO] PluginManage:359 - Loaded plugin lpbam (category:base,tabindex:0)
2024-01-22 21:31:09,270 [INFO] PluginManage:310 - Check plugin memorymap
2024-01-22 21:31:09,346 [INFO] PluginManage:359 - Loaded plugin memorymap (category:base,tabindex:4)
2024-01-22 21:31:09,346 [INFO] PluginManage:310 - Check plugin pinoutandconfiguration
2024-01-22 21:31:09,436 [INFO] PluginManage:359 - Loaded plugin pinoutandconfiguration (category:base,tabindex:1)
2024-01-22 21:31:09,436 [INFO] PluginManage:310 - Check plugin pinoutconfig
2024-01-22 21:31:09,711 [WARN] SupportedApi:132 - Cannot load RTOS API schema: s4s-elt-must-match.1: The content of 'definitions' must match (annotation?, (simpleType | complexType)?, (unique | key | keyref)*)). A problem was found starting at: attribute.
2024-01-22 21:31:10,062 [INFO] PluginManage:359 - Loaded plugin pinoutconfig (category:base,tabindex:0)
2024-01-22 21:31:10,062 [INFO] PluginManage:310 - Check plugin power
2024-01-22 21:31:10,106 [INFO] PluginManage:359 - Loaded plugin power (category:power,tabindex:4)
2024-01-22 21:31:10,107 [INFO] PluginManage:310 - Check plugin projectmanager
2024-01-22 21:31:10,149 [INFO] PluginManage:359 - Loaded plugin projectmanager (category:projectmanager,tabindex:3)
2024-01-22 21:31:10,149 [INFO] PluginManage:310 - Check plugin thirdparty
2024-01-22 21:31:10,751 [INFO] PluginManage:359 - Loaded plugin thirdparty (category:base,tabindex:-1)
2024-01-22 21:31:10,751 [WARN] IntegrityCheckThread:84 - waiting for thirdparty lock release [integrity check]
2024-01-22 21:31:10,752 [INFO] PluginManage:310 - Check plugin tools
2024-01-22 21:31:10,752 [INFO] IntegrityCheckThread:86 - entering critical section [integrity check]
2024-01-22 21:31:10,753 [INFO] ThirdPartyUpdaterWithRetryManager:70 - Updater plugin not ready yet. [1/15]
2024-01-22 21:31:10,837 [INFO] PluginManage:359 - Loaded plugin tools (category:base,tabindex:7)
2024-01-22 21:31:10,837 [INFO] PluginManage:310 - Check plugin tutovideos
2024-01-22 21:31:11,282 [INFO] PluginManage:359 - Loaded plugin tutovideos (category:base,tabindex:-1)
2024-01-22 21:31:11,283 [INFO] PluginManage:310 - Check plugin updater
2024-01-22 21:31:11,307 [INFO] PluginManage:359 - Loaded plugin updater (category:base,tabindex:12)
2024-01-22 21:31:11,307 [INFO] PluginManage:310 - Check plugin userauth
2024-01-22 21:31:11,318 [INFO] UserAuth:114 - Init User Auth plugin
2024-01-22 21:31:11,318 [INFO] PluginManage:359 - Loaded plugin userauth (category:base,tabindex:14)
2024-01-22 21:31:11,319 [INFO] PluginManage:283 - PluginManage : Loaded plugins [17]
2024-01-22 21:31:11,831 [INFO] PinOutPanel:1499 - setPackage(No Configuration,No Configuration)
2024-01-22 21:31:11,991 [INFO] CADModel:165 - CPN selected for project level
2024-01-22 21:31:11,992 [INFO] CADModel:114 - Register for checkConnection events
2024-01-22 21:31:12,048 [INFO] IPUIPlugin:80 - create IPUIPlugin
2024-01-22 21:31:12,049 [INFO] PluginManager:220 - loadIPPluginJar : add adc
2024-01-22 21:31:12,137 [INFO] IPUIPlugin:80 - create IPUIPlugin
2024-01-22 21:31:12,137 [INFO] PluginManager:220 - loadIPPluginJar : add aes
2024-01-22 21:31:12,284 [INFO] IPUIPlugin:80 - create IPUIPlugin
2024-01-22 21:31:12,285 [INFO] PluginManager:220 - loadIPPluginJar : add can
2024-01-22 21:31:12,423 [INFO] IPUIPlugin:80 - create IPUIPlugin
2024-01-22 21:31:12,424 [INFO] PluginManager:220 - loadIPPluginJar : add comp
2024-01-22 21:31:12,518 [INFO] IPUIPlugin:80 - create IPUIPlugin
2024-01-22 21:31:12,518 [INFO] PluginManager:220 - loadIPPluginJar : add cryp
2024-01-22 21:31:12,596 [INFO] IPUIPlugin:80 - create IPUIPlugin
2024-01-22 21:31:12,596 [INFO] PluginManager:220 - loadIPPluginJar : add dfsdm
2024-01-22 21:31:12,633 [INFO] IPUIPlugin:80 - create IPUIPlugin
2024-01-22 21:31:12,634 [INFO] PluginManager:220 - loadIPPluginJar : add dma
2024-01-22 21:31:12,748 [INFO] IPUIPlugin:80 - create IPUIPlugin
2024-01-22 21:31:12,748 [INFO] PluginManager:220 - loadIPPluginJar : add dma3
2024-01-22 21:31:12,798 [INFO] IPUIPlugin:80 - create IPUIPlugin
2024-01-22 21:31:12,798 [INFO] PluginManager:220 - loadIPPluginJar : add fatfs
2024-01-22 21:31:12,935 [INFO] IPUIPlugin:80 - create IPUIPlugin
2024-01-22 21:31:12,936 [INFO] PluginManager:220 - loadIPPluginJar : add fmc
2024-01-22 21:31:12,969 [INFO] IPUIPlugin:80 - create IPUIPlugin
2024-01-22 21:31:12,970 [INFO] PluginManager:220 - loadIPPluginJar : add freertos
2024-01-22 21:31:13,022 [INFO] IPUIPlugin:80 - create IPUIPlugin
2024-01-22 21:31:13,022 [INFO] PluginManager:220 - loadIPPluginJar : add genericplugin
2024-01-22 21:31:13,258 [INFO] IPUIPlugin:80 - create IPUIPlugin
2024-01-22 21:31:13,258 [INFO] PluginManager:220 - loadIPPluginJar : add gfxmmu
2024-01-22 21:31:13,566 [INFO] IPUIPlugin:80 - create IPUIPlugin
2024-01-22 21:31:13,567 [INFO] PluginManager:220 - loadIPPluginJar : add gic
2024-01-22 21:31:13,591 [INFO] IPUIPlugin:80 - create IPUIPlugin
2024-01-22 21:31:13,591 [INFO] PluginManager:220 - loadIPPluginJar : add gpio
2024-01-22 21:31:13,754 [INFO] ThirdPartyUpdaterWithRetryManager:70 - Updater plugin not ready yet. [2/15]
2024-01-22 21:31:13,836 [INFO] IPUIPlugin:80 - create IPUIPlugin
2024-01-22 21:31:13,836 [INFO] PluginManager:220 - loadIPPluginJar : add gtzc
2024-01-22 21:31:13,914 [INFO] IPUIPlugin:80 - create IPUIPlugin
2024-01-22 21:31:13,914 [INFO] PluginManager:220 - loadIPPluginJar : add hash
2024-01-22 21:31:14,036 [INFO] IPUIPlugin:80 - create IPUIPlugin
2024-01-22 21:31:14,036 [INFO] PluginManager:220 - loadIPPluginJar : add i2c
2024-01-22 21:31:14,125 [INFO] IPUIPlugin:80 - create IPUIPlugin
2024-01-22 21:31:14,126 [INFO] PluginManager:220 - loadIPPluginJar : add i2s
2024-01-22 21:31:14,235 [INFO] IPUIPlugin:80 - create IPUIPlugin
2024-01-22 21:31:14,235 [INFO] PluginManager:220 - loadIPPluginJar : add i3c
2024-01-22 21:31:14,506 [INFO] IPUIPlugin:80 - create IPUIPlugin
2024-01-22 21:31:14,506 [INFO] PluginManager:220 - loadIPPluginJar : add ipddr
2024-01-22 21:31:14,686 [INFO] IPUIPlugin:80 - create IPUIPlugin
2024-01-22 21:31:14,686 [INFO] PluginManager:220 - loadIPPluginJar : add linkedlist
2024-01-22 21:31:14,759 [INFO] IPUIPlugin:80 - create IPUIPlugin
2024-01-22 21:31:14,759 [INFO] PluginManager:220 - loadIPPluginJar : add lorawan
2024-01-22 21:31:14,845 [INFO] IPUIPlugin:80 - create IPUIPlugin
2024-01-22 21:31:14,846 [INFO] PluginManager:220 - loadIPPluginJar : add ltdc
2024-01-22 21:31:14,874 [INFO] IPUIPlugin:80 - create IPUIPlugin
2024-01-22 21:31:14,875 [INFO] PluginManager:220 - loadIPPluginJar : add mdma
2024-01-22 21:31:14,900 [INFO] IPUIPlugin:80 - create IPUIPlugin
2024-01-22 21:31:14,900 [INFO] PluginManager:220 - loadIPPluginJar : add nvic
2024-01-22 21:31:14,966 [INFO] IPUIPlugin:80 - create IPUIPlugin
2024-01-22 21:31:14,966 [INFO] PluginManager:220 - loadIPPluginJar : add opamp
2024-01-22 21:31:15,183 [INFO] IPUIPlugin:80 - create IPUIPlugin
2024-01-22 21:31:15,184 [INFO] PluginManager:220 - loadIPPluginJar : add openamp
2024-01-22 21:31:15,317 [INFO] IPUIPlugin:80 - create IPUIPlugin
2024-01-22 21:31:15,317 [INFO] PluginManager:220 - loadIPPluginJar : add pdm2pcm
2024-01-22 21:31:15,348 [INFO] IPUIPlugin:80 - create IPUIPlugin
2024-01-22 21:31:15,352 [INFO] PluginManager:220 - loadIPPluginJar : add plateformsettings
2024-01-22 21:31:15,417 [INFO] IPUIPlugin:80 - create IPUIPlugin
2024-01-22 21:31:15,417 [INFO] PluginManager:220 - loadIPPluginJar : add quadspi
2024-01-22 21:31:15,446 [INFO] IPUIPlugin:80 - create IPUIPlugin
2024-01-22 21:31:15,447 [INFO] PluginManager:220 - loadIPPluginJar : add resmgrutility
2024-01-22 21:31:15,581 [INFO] IPUIPlugin:80 - create IPUIPlugin
2024-01-22 21:31:15,582 [INFO] PluginManager:220 - loadIPPluginJar : add sai
2024-01-22 21:31:15,671 [INFO] IPUIPlugin:80 - create IPUIPlugin
2024-01-22 21:31:15,671 [INFO] PluginManager:220 - loadIPPluginJar : add spi
2024-01-22 21:31:15,844 [INFO] IPUIPlugin:80 - create IPUIPlugin
2024-01-22 21:31:15,844 [INFO] PluginManager:220 - loadIPPluginJar : add stm32_wpan
2024-01-22 21:31:15,885 [INFO] IPUIPlugin:80 - create IPUIPlugin
2024-01-22 21:31:15,885 [INFO] PluginManager:220 - loadIPPluginJar : add tim
2024-01-22 21:31:15,993 [INFO] IPUIPlugin:80 - create IPUIPlugin
2024-01-22 21:31:15,994 [INFO] PluginManager:220 - loadIPPluginJar : add touchsensing
2024-01-22 21:31:16,042 [INFO] IPUIPlugin:80 - create IPUIPlugin
2024-01-22 21:31:16,042 [INFO] PluginManager:220 - loadIPPluginJar : add tracer_emb
2024-01-22 21:31:16,091 [INFO] IPUIPlugin:80 - create IPUIPlugin
2024-01-22 21:31:16,091 [INFO] PluginManager:220 - loadIPPluginJar : add ts
2024-01-22 21:31:16,138 [INFO] IPUIPlugin:80 - create IPUIPlugin
2024-01-22 21:31:16,138 [INFO] PluginManager:220 - loadIPPluginJar : add tsc
2024-01-22 21:31:16,186 [INFO] IPUIPlugin:80 - create IPUIPlugin
2024-01-22 21:31:16,186 [INFO] PluginManager:220 - loadIPPluginJar : add ucpd
2024-01-22 21:31:16,273 [INFO] IPUIPlugin:80 - create IPUIPlugin
2024-01-22 21:31:16,273 [INFO] PluginManager:220 - loadIPPluginJar : add usart
2024-01-22 21:31:16,349 [INFO] IPUIPlugin:80 - create IPUIPlugin
2024-01-22 21:31:16,349 [INFO] PluginManager:220 - loadIPPluginJar : add usbx
2024-01-22 21:31:16,655 [INFO] CADModel:165 - CPN selected for project level
2024-01-22 21:31:16,655 [INFO] CADModel:114 - Register for checkConnection events
2024-01-22 21:31:16,656 [FATAL] Updater:308 - Updater called before beeing initialized
2024-01-22 21:31:16,656 [ERROR] CADModel:125 - Updater not yet initialized, retry later 
2024-01-22 21:31:16,755 [INFO] ThirdPartyUpdaterWithRetryManager:70 - Updater plugin not ready yet. [3/15]
2024-01-22 21:31:17,006 [INFO] CADModel:165 - CPN selected for project level
2024-01-22 21:31:17,006 [INFO] CADModel:114 - Register for checkConnection events
2024-01-22 21:31:17,006 [FATAL] Updater:308 - Updater called before beeing initialized
2024-01-22 21:31:17,007 [ERROR] CADModel:125 - Updater not yet initialized, retry later 
2024-01-22 21:31:17,011 [FATAL] Updater:308 - Updater called before beeing initialized
2024-01-22 21:31:17,329 [FATAL] Updater:308 - Updater called before beeing initialized
2024-01-22 21:31:17,339 [INFO] DbMcusAds:53 - JSON generation date=Thu Sep 30 07:55:09 BST 2021 (1632984909247)
2024-01-22 21:31:17,340 [FATAL] Updater:308 - Updater called before beeing initialized
2024-01-22 21:31:17,496 [WARN] DetailPanel:346 - Failed to get advertising image, set to default
2024-01-22 21:31:17,684 [FATAL] Updater:308 - Updater called before beeing initialized
2024-01-22 21:31:17,689 [FATAL] Updater:308 - Updater called before beeing initialized
2024-01-22 21:31:17,689 [FATAL] Updater:308 - Updater called before beeing initialized
2024-01-22 21:31:17,689 [WARN] DetailPanel:346 - Failed to get advertising image, set to default
2024-01-22 21:31:17,691 [FATAL] Updater:308 - Updater called before beeing initialized
2024-01-22 21:31:17,830 [ERROR] Updater:1120 - MainUpdater not yet initialized. External WinMGr cannot be set.
2024-01-22 21:31:17,848 [INFO] Updater:1056 - Updater Version found : 6.10.0
2024-01-22 21:31:17,880 [INFO] ApplicationProperties:184 - Using Application install path: C:\ST\STM32CubeIDE_1.14.1\STM32CubeIDE\plugins\com.st.stm32cube.common.mx_6.10.0.202311202037
2024-01-22 21:31:19,478 [ERROR] LogOutputStream:75 - [STDERR_REDIRECT] Jan 22, 2024 9:31:19 PM java.util.prefs.WindowsPreferences <init>
2024-01-22 21:31:19,482 [ERROR] LogOutputStream:75 - [STDERR_REDIRECT] WARNING: Could not open/create prefs root node Software\JavaSoft\Prefs at root 0xffffffff80000002. Windows RegCreateKeyEx(...) returned error code 5.
2024-01-22 21:31:19,482 [ERROR] LogOutputStream:75 - [STDERR_REDIRECT] 
2024-01-22 21:31:19,526 [INFO] MainUpdater:526 - Copy updater definitions from MX database
2024-01-22 21:31:19,614 [INFO] MainUpdater:559 - Copy flag file definitions from MX database
2024-01-22 21:31:19,627 [INFO] MainUpdater:575 - Copy thirdparty index definitions from MX database
2024-01-22 21:31:19,647 [INFO] MainUpdater:594 - Copy default thirdparty db definitions from MX database
2024-01-22 21:31:19,760 [FATAL] Updater:308 - Updater called before beeing initialized
2024-01-22 21:31:19,761 [ERROR] IntegrityCheckThread:130 - Cannot retrieve database content from updater: error 21
2024-01-22 21:31:19,762 [INFO] ThirdParty:978 - Integrity check success = false
2024-01-22 21:31:19,762 [INFO] IntegrityCheckThread:100 - exiting critical section [integrity check]
2024-01-22 21:31:19,762 [INFO] IntegrityCheckThread:103 - End integrity checks thread
2024-01-22 21:31:20,041 [INFO] MainUpdater:2873 - connection check result : 10
2024-01-22 21:31:20,041 [INFO] MainUpdater:3567 - Updater definition file requires update
2024-01-22 21:31:20,043 [INFO] MainUpdater:290 - Updater Check For Update Now.
2024-01-22 21:31:20,043 [INFO] MicroXplorer:498 - Change Database Version : DB.6.0.100
2024-01-22 21:31:20,087 [INFO] McuFinderGlobals:63 - Set McuFinder mode to 2 (CubeIDE integrated)
2024-01-22 21:31:20,087 [INFO] UserAuth:180 - activating auth plugin
2024-01-22 21:31:20,092 [INFO] UserAuth:404 - Internet connection configuration mode: 1
2024-01-22 21:31:20,128 [INFO] ServerAccessManage:473 - Download File updaters.zip
2024-01-22 21:31:20,136 [INFO] JxBrowserEngine:152 - Initiate JxBrowser Engine with user profile folder
2024-01-22 21:31:20,471 [INFO] FileExtend:240 - Unzip File : updaters.zip
2024-01-22 21:31:20,472 [INFO] FileExtend:255 - Standard Zip Deflate
2024-01-22 21:31:21,869 [INFO] ServerAccessManage:473 - Download File PacksControlFlags.xml
2024-01-22 21:31:22,162 [INFO] ServerAccessManage:473 - Download File cubemx.pidx
2024-01-22 21:31:22,642 [INFO] ServerAccessManage:473 - Download File STMicroelectronics.FP-ATR-ASTRA1.pdsc
2024-01-22 21:31:22,822 [INFO] ServerAccessManage:473 - Download File STMicroelectronics.FP-ATR-SIGFOX1.pdsc
2024-01-22 21:31:22,943 [INFO] ServerAccessManage:473 - Download File STMicroelectronics.FP-SNS-FLIGHT1.pdsc
2024-01-22 21:31:23,253 [INFO] ServerAccessManage:473 - Download File STMicroelectronics.FP-SNS-MOTENV1.pdsc
2024-01-22 21:31:23,455 [INFO] ServerAccessManage:473 - Download File STMicroelectronics.FP-SNS-MOTENVWB1.pdsc
2024-01-22 21:31:23,624 [INFO] ServerAccessManage:473 - Download File STMicroelectronics.FP-SNS-SMARTAG2.pdsc
2024-01-22 21:31:23,777 [INFO] ServerAccessManage:473 - Download File STMicroelectronics.X-CUBE-AI.pdsc
2024-01-22 21:31:24,343 [INFO] ServerAccessManage:473 - Download File STMicroelectronics.X-CUBE-ALS.pdsc
2024-01-22 21:31:24,467 [INFO] ServerAccessManage:473 - Download File STMicroelectronics.X-CUBE-BLE1.pdsc
2024-01-22 21:31:25,039 [ERROR] ServerAccessManage:1089 - Problem, file not found on Server
2024-01-22 21:31:25,071 [INFO] ServerAccessManage:473 - Download File STMicroelectronics.X-CUBE-BLE2.pdsc
2024-01-22 21:31:25,404 [INFO] ServerAccessManage:473 - Download File STMicroelectronics.X-CUBE-BLEMGR.pdsc
2024-01-22 21:31:25,676 [INFO] ServerAccessManage:473 - Download File STMicroelectronics.X-CUBE-DISPLAY.pdsc
2024-01-22 21:31:26,108 [INFO] ServerAccessManage:473 - Download File STMicroelectronics.X-CUBE-EEPRMA1.pdsc
2024-01-22 21:31:26,412 [ERROR] ServerAccessManage:1089 - Problem, file not found on Server
2024-01-22 21:31:26,529 [INFO] ServerAccessManage:473 - Download File STMicroelectronics.X-CUBE-FREERTOS.pdsc
2024-01-22 21:31:26,757 [INFO] ServerAccessManage:473 - Download File STMicroelectronics.X-CUBE-GNSS1.pdsc
2024-01-22 21:31:27,170 [ERROR] ServerAccessManage:1089 - Problem, file not found on Server
2024-01-22 21:31:27,279 [ERROR] ServerAccessManage:1089 - Problem, file not found on Server
2024-01-22 21:31:27,389 [ERROR] ServerAccessManage:1089 - Problem, file not found on Server
2024-01-22 21:31:27,498 [ERROR] ServerAccessManage:1089 - Problem, file not found on Server
2024-01-22 21:31:27,601 [ERROR] ServerAccessManage:1089 - Problem, file not found on Server
2024-01-22 21:31:27,698 [ERROR] ServerAccessManage:1089 - Problem, file not found on Server
2024-01-22 21:31:27,721 [INFO] ServerAccessManage:473 - Download File STMicroelectronics.X-CUBE-ISPU.pdsc
2024-01-22 21:31:27,951 [INFO] ServerAccessManage:473 - Download File STMicroelectronics.X-CUBE-MEMS1.pdsc
2024-01-22 21:31:29,023 [INFO] ServerAccessManage:473 - Download File STMicroelectronics.X-CUBE-NFC4.pdsc
2024-01-22 21:31:29,578 [INFO] ServerAccessManage:473 - Download File STMicroelectronics.X-CUBE-NFC6.pdsc
2024-01-22 21:31:29,728 [INFO] ServerAccessManage:473 - Download File STMicroelectronics.X-CUBE-NFC7.pdsc
2024-01-22 21:31:30,208 [INFO] ServerAccessManage:473 - Download File STMicroelectronics.X-CUBE-SFXS2LP1.pdsc
2024-01-22 21:31:30,773 [INFO] ServerAccessManage:473 - Download File STMicroelectronics.X-CUBE-SUBG2.pdsc
2024-01-22 21:31:31,322 [INFO] ServerAccessManage:473 - Download File STMicroelectronics.X-CUBE-SMBUS.pdsc
2024-01-22 21:31:31,657 [ERROR] ServerAccessManage:1089 - Problem, file not found on Server
2024-01-22 21:31:31,672 [INFO] ServerAccessManage:473 - Download File STMicroelectronics.X-CUBE-TOF1.pdsc
2024-01-22 21:31:32,062 [ERROR] ServerAccessManage:1089 - Problem, file not found on Server
2024-01-22 21:31:32,121 [INFO] ServerAccessManage:473 - Download File STMicroelectronics.X-CUBE-TOUCHGFX.pdsc
2024-01-22 21:31:32,853 [INFO] ServerAccessManage:473 - Download File STMicroelectronics.X-CUBE-ALGOBUILD.pdsc
2024-01-22 21:31:33,142 [INFO] ServerAccessManage:473 - Download File STMicroelectronics.X-CUBE-AZRTOS-H7.pdsc
2024-01-22 21:31:33,520 [INFO] ServerAccessManage:473 - Download File STMicroelectronics.X-CUBE-AZRTOS-F4.pdsc
2024-01-22 21:31:33,724 [INFO] ServerAccessManage:473 - Download File STMicroelectronics.X-CUBE-AZRTOS-F7.pdsc
2024-01-22 21:31:33,921 [INFO] ServerAccessManage:473 - Download File STMicroelectronics.X-CUBE-AZRTOS-L4.pdsc
2024-01-22 21:31:34,098 [INFO] ServerAccessManage:473 - Download File STMicroelectronics.X-CUBE-AZRTOS-L5.pdsc
2024-01-22 21:31:34,322 [INFO] ServerAccessManage:473 - Download File STMicroelectronics.X-CUBE-AZRTOS-G0.pdsc
2024-01-22 21:31:34,589 [INFO] ServerAccessManage:473 - Download File STMicroelectronics.X-CUBE-AZRTOS-G4.pdsc
2024-01-22 21:31:34,861 [INFO] ServerAccessManage:473 - Download File STMicroelectronics.X-CUBE-AZRTOS-WB.pdsc
2024-01-22 21:31:35,100 [INFO] ServerAccessManage:473 - Download File STMicroelectronics.X-CUBE-AZRTOS-WL.pdsc
2024-01-22 21:31:35,750 [INFO] ServerAccessManage:473 - Download File wolfSSL.I-CUBE-wolfSSL.pdsc
2024-01-22 21:31:38,751 [ERROR] ServerAccessManage:1089 - Problem, file not found on Server
2024-01-22 21:31:39,083 [ERROR] ServerAccessManage:1089 - Problem, file not found on Server
2024-01-22 21:31:39,420 [ERROR] ServerAccessManage:1089 - Problem, file not found on Server
2024-01-22 21:31:39,813 [ERROR] ServerAccessManage:1096 - Problem, Http access forbiden
2024-01-22 21:31:39,829 [ERROR] ServerAccessManage:651 - Problem, Http access forbiden : RoweBots.I-CUBE-UNISONRTOS.pdsc.
2024-01-22 21:31:40,010 [INFO] ServerAccessManage:473 - Download File SEGGER.I-CUBE-embOS.pdsc
2024-01-22 21:31:40,438 [INFO] ServerAccessManage:473 - Download File portGmbH.I-Cube-SoM-uGOAL.pdsc
2024-01-22 21:31:40,977 [ERROR] ServerAccessManage:1089 - Problem, file not found on Server
2024-01-22 21:31:41,012 [ERROR] ServerAccessManage:1089 - Problem, file not found on Server
2024-01-22 21:31:41,055 [ERROR] ServerAccessManage:1089 - Problem, file not found on Server
2024-01-22 21:31:41,259 [INFO] ServerAccessManage:473 - Download File emotas.I-CUBE-CANOPEN.pdsc
2024-01-22 21:31:42,441 [INFO] ServerAccessManage:473 - Download File WES.I-CUBE-Cesium.pdsc
2024-01-22 21:31:43,108 [INFO] WebApp:161 - Instantiating new browser for Auth
2024-01-22 21:31:43,155 [ERROR] ServerAccessManage:1089 - Problem, file not found on Server
2024-01-22 21:31:43,483 [ERROR] ServerAccessManage:1089 - Problem, file not found on Server
2024-01-22 21:31:44,200 [INFO] ServerAccessManage:473 - Download File ITTIA_DB.I-CUBE-ITTIADB.pdsc
2024-01-22 21:31:44,972 [INFO] WebApp:780 - Register for checkConnection events
2024-01-22 21:31:44,972 [INFO] WebApp:414 - Apply proxy settings
2024-01-22 21:31:44,972 [INFO] WebApp:499 - Chromium requires no authentication
2024-01-22 21:31:45,005 [INFO] WebApp:442 - Direct internet connection detected
2024-01-22 21:31:45,592 [INFO] WebApp:192 - Starting web application
2024-01-22 21:31:45,592 [INFO] WebApp:544 - Web application path used C:\ST\STM32CubeIDE_1.14.1\STM32CubeIDE\plugins\com.st.stm32cube.common.mx_6.10.0.202311202037\db\plugins\mcufinder\reactClient1\index.html
2024-01-22 21:31:47,093 [INFO] ServerAccessManage:473 - Download File Infineon.AIROC-Wi-Fi-Bluetooth-STM32.pdsc
2024-01-22 21:31:48,598 [WARN] PackLoader:240 - Cannot read IP mode file for STMicroelectronics.FP-ATR-ASTRA1.2.0.0
2024-01-22 21:31:48,643 [WARN] PackLoader:240 - Cannot read IP mode file for STMicroelectronics.FP-ATR-SIGFOX1.3.2.0
2024-01-22 21:31:48,676 [WARN] PackLoader:240 - Cannot read IP mode file for STMicroelectronics.FP-SNS-FLIGHT1.5.0.2
2024-01-22 21:31:48,695 [WARN] CheckServerUpdateThread:151 - Open CheckUpdateFile Fail
2024-01-22 21:31:48,695 [WARN] PackLoader:240 - Cannot read IP mode file for STMicroelectronics.FP-SNS-MOTENV1.4.3.2
2024-01-22 21:31:48,762 [WARN] PackLoader:240 - Cannot read IP mode file for STMicroelectronics.FP-SNS-MOTENVWB1.1.3.1
2024-01-22 21:31:48,795 [WARN] PackLoader:240 - Cannot read IP mode file for STMicroelectronics.FP-SNS-SMARTAG2.1.2.0
2024-01-22 21:31:48,828 [WARN] PackLoader:240 - Cannot read IP mode file for STMicroelectronics.X-CUBE-AI.8.1.0
2024-01-22 21:31:48,849 [WARN] PackLoader:240 - Cannot read IP mode file for STMicroelectronics.X-CUBE-ALS.1.0.1
2024-01-22 21:31:48,892 [WARN] PackLoader:240 - Cannot read IP mode file for STMicroelectronics.X-CUBE-BLE1.7.0.0
2024-01-22 21:31:48,912 [WARN] PackLoader:240 - Cannot read IP mode file for STMicroelectronics.X-CUBE-BLE2.3.3.0
2024-01-22 21:31:48,978 [WARN] PackLoader:240 - Cannot read IP mode file for STMicroelectronics.X-CUBE-BLEMGR.3.0.0
2024-01-22 21:31:49,011 [INFO] CheckServerUpdateThread:120 - End of CheckServer Thread
2024-01-22 21:31:49,028 [WARN] PackLoader:240 - Cannot read IP mode file for STMicroelectronics.X-CUBE-DISPLAY.3.0.0
2024-01-22 21:31:49,111 [WARN] PackLoader:240 - Cannot read IP mode file for STMicroelectronics.X-CUBE-EEPRMA1.4.2.0
2024-01-22 21:31:49,129 [WARN] PackLoader:240 - Cannot read IP mode file for STMicroelectronics.X-CUBE-FREERTOS.1.1.0
2024-01-22 21:31:49,162 [WARN] PackLoader:240 - Cannot read IP mode file for STMicroelectronics.X-CUBE-GNSS1.6.0.0
2024-01-22 21:31:49,178 [WARN] PackLoader:240 - Cannot read IP mode file for STMicroelectronics.X-CUBE-ISPU.2.0.0
2024-01-22 21:31:50,092 [WARN] PackLoader:240 - Cannot read IP mode file for STMicroelectronics.X-CUBE-MEMS1.10.0.0
2024-01-22 21:31:50,802 [WARN] PackLoader:240 - Cannot read IP mode file for STMicroelectronics.X-CUBE-NFC4.3.0.0
2024-01-22 21:31:50,817 [WARN] PackLoader:240 - Cannot read IP mode file for STMicroelectronics.X-CUBE-NFC6.3.0.0
2024-01-22 21:31:50,833 [WARN] PackLoader:240 - Cannot read IP mode file for STMicroelectronics.X-CUBE-NFC7.1.0.1
2024-01-22 21:31:50,863 [WARN] PackLoader:240 - Cannot read IP mode file for STMicroelectronics.X-CUBE-SFXS2LP1.4.0.0
2024-01-22 21:31:50,939 [WARN] PackLoader:240 - Cannot read IP mode file for STMicroelectronics.X-CUBE-SUBG2.5.0.0
2024-01-22 21:31:50,964 [WARN] PackLoader:240 - Cannot read IP mode file for STMicroelectronics.X-CUBE-SMBUS.2.1.0
2024-01-22 21:31:50,996 [WARN] PackLoader:240 - Cannot read IP mode file for STMicroelectronics.X-CUBE-TOF1.3.4.0
2024-01-22 21:31:51,049 [WARN] PackLoader:240 - Cannot read IP mode file for STMicroelectronics.X-CUBE-TOUCHGFX.4.23.0
2024-01-22 21:31:51,065 [WARN] PackLoader:240 - Cannot read IP mode file for STMicroelectronics.X-CUBE-ALGOBUILD.1.3.0
2024-01-22 21:31:51,111 [WARN] PackLoader:240 - Cannot read IP mode file for STMicroelectronics.X-CUBE-AZRTOS-H7.3.2.0
2024-01-22 21:31:51,158 [WARN] PackLoader:240 - Cannot read IP mode file for STMicroelectronics.X-CUBE-AZRTOS-F4.1.1.0
2024-01-22 21:31:51,205 [WARN] PackLoader:240 - Cannot read IP mode file for STMicroelectronics.X-CUBE-AZRTOS-F7.1.1.0
2024-01-22 21:31:51,293 [WARN] ConditionMgr:438 - getConditionDescription Invalid condition id : LAN8742 Phy interface Condition cause : null
2024-01-22 21:31:51,295 [WARN] PackLoader:240 - Cannot read IP mode file for STMicroelectronics.X-CUBE-AZRTOS-L4.2.0.0
2024-01-22 21:31:51,301 [WARN] ConditionMgr:1039 - genDependencies : Invalid condition id : LAN8742 Phy interface Condition cause : null
2024-01-22 21:31:51,334 [WARN] ConditionMgr:1039 - genDependencies : Invalid condition id : LAN8742 Phy interface Condition cause : null
2024-01-22 21:31:51,336 [WARN] ConditionMgr:1039 - genDependencies : Invalid condition id : LAN8742 Phy interface Condition cause : null
2024-01-22 21:31:51,430 [WARN] PackLoader:240 - Cannot read IP mode file for STMicroelectronics.X-CUBE-AZRTOS-L5.2.0.0
2024-01-22 21:31:51,476 [WARN] PackLoader:240 - Cannot read IP mode file for STMicroelectronics.X-CUBE-AZRTOS-G0.1.1.0
2024-01-22 21:31:51,513 [WARN] PackLoader:240 - Cannot read IP mode file for STMicroelectronics.X-CUBE-AZRTOS-G4.2.0.0
2024-01-22 21:31:51,545 [WARN] ConditionMgr:438 - getConditionDescription Invalid condition id : UX DEVICE CLASS RTOS Condition cause : null
2024-01-22 21:31:51,545 [WARN] ConditionMgr:438 - getConditionDescription Invalid condition id : UX DEVICE CLASS RTOS Condition cause : null
2024-01-22 21:31:51,545 [WARN] PackLoader:240 - Cannot read IP mode file for STMicroelectronics.X-CUBE-AZRTOS-WB.2.0.0
2024-01-22 21:31:51,545 [WARN] ConditionMgr:1039 - genDependencies : Invalid condition id : UX DEVICE CLASS RTOS Condition cause : null
2024-01-22 21:31:51,560 [WARN] ConditionMgr:1039 - genDependencies : Invalid condition id : UX DEVICE CLASS RTOS Condition cause : null
2024-01-22 21:31:51,560 [WARN] ConditionMgr:1039 - genDependencies : Invalid condition id : UX DEVICE CLASS RTOS Condition cause : null
2024-01-22 21:31:51,560 [WARN] ConditionMgr:1039 - genDependencies : Invalid condition id : UX DEVICE CLASS RTOS Condition cause : null
2024-01-22 21:31:51,560 [WARN] ConditionMgr:1039 - genDependencies : Invalid condition id : UX DEVICE CLASS RTOS Condition cause : null
2024-01-22 21:31:51,602 [INFO] LogOutputStream:77 - [STDOUT_REDIRECT] 1 : Invalid condition id : UX_CORESTACK_Condition cause : null
2024-01-22 21:31:51,603 [INFO] LogOutputStream:77 - [STDOUT_REDIRECT] 1 : Invalid condition id : UX_CORESTACK_Condition cause : null
2024-01-22 21:31:51,609 [INFO] LogOutputStream:77 - [STDOUT_REDIRECT] 1 : Invalid condition id : UX_CORESTACK_Condition cause : null
2024-01-22 21:31:51,613 [INFO] LogOutputStream:77 - [STDOUT_REDIRECT] 1 : Invalid condition id : UX_CORESTACK_Condition cause : null
2024-01-22 21:31:51,617 [INFO] LogOutputStream:77 - [STDOUT_REDIRECT] 1 : Invalid condition id : UX_CORESTACK_Condition cause : null
2024-01-22 21:31:51,628 [WARN] PackLoader:240 - Cannot read IP mode file for STMicroelectronics.X-CUBE-AZRTOS-WL.2.0.0
2024-01-22 21:31:51,640 [WARN] PackLoader:240 - Cannot read IP mode file for wolfSSL.I-CUBE-wolfSSL.5.6.6
2024-01-22 21:31:51,742 [WARN] PackLoader:240 - Cannot read IP mode file for SEGGER.I-CUBE-embOS.1.3.1
2024-01-22 21:31:51,881 [WARN] PackLoader:240 - Cannot read IP mode file for portGmbH.I-Cube-SoM-uGOAL.1.1.0
2024-01-22 21:31:51,889 [WARN] PackLoader:240 - Cannot read IP mode file for emotas.I-CUBE-CANOPEN.1.3.0
2024-01-22 21:31:51,889 [WARN] PackLoader:240 - Cannot read IP mode file for WES.I-CUBE-Cesium.1.3.0
2024-01-22 21:31:51,904 [WARN] PackLoader:240 - Cannot read IP mode file for ITTIA_DB.I-CUBE-ITTIADB.8.8.0
2024-01-22 21:31:51,949 [WARN] PackLoader:240 - Cannot read IP mode file for Infineon.AIROC-Wi-Fi-Bluetooth-STM32.1.5.1
2024-01-22 21:31:51,955 [INFO] PopulateThirdPartyThread:66 - Ending populate Thread
2024-01-22 21:31:51,971 [INFO] ThirdParty:1030 - CMSIS Pack Vendor :STMicroelectronics X-CUBE-DISPLAY 3.0.0
2024-01-22 21:31:51,971 [INFO] ThirdParty:1030 - CMSIS Pack Vendor :STMicroelectronics X-CUBE-GNSS1 6.0.0
2024-01-22 21:31:51,971 [INFO] ThirdParty:1030 - CMSIS Pack Vendor :STMicroelectronics FP-SNS-MOTENVWB1 1.3.1
2024-01-22 21:31:51,971 [INFO] ThirdParty:1030 - CMSIS Pack Vendor :STMicroelectronics X-CUBE-AZRTOS-F4 1.1.0
2024-01-22 21:31:51,971 [INFO] ThirdParty:1030 - CMSIS Pack Vendor :STMicroelectronics FP-ATR-SIGFOX1 3.2.0
2024-01-22 21:31:51,971 [INFO] ThirdParty:1030 - CMSIS Pack Vendor :STMicroelectronics X-CUBE-BLE1 7.0.0
2024-01-22 21:31:51,971 [INFO] ThirdParty:1030 - CMSIS Pack Vendor :STMicroelectronics X-CUBE-SMBUS 2.1.0
2024-01-22 21:31:51,971 [INFO] ThirdParty:1030 - CMSIS Pack Vendor :STMicroelectronics X-CUBE-ISPU 2.0.0
2024-01-22 21:31:51,971 [INFO] ThirdParty:1030 - CMSIS Pack Vendor :STMicroelectronics X-CUBE-AZRTOS-WB 2.0.0
2024-01-22 21:31:51,971 [INFO] ThirdParty:1030 - CMSIS Pack Vendor :emotas I-CUBE-CANOPEN 1.3.0
2024-01-22 21:31:51,971 [INFO] ThirdParty:1030 - CMSIS Pack Vendor :STMicroelectronics X-CUBE-MEMS1 10.0.0
2024-01-22 21:31:51,971 [INFO] ThirdParty:1030 - CMSIS Pack Vendor :wolfSSL I-CUBE-wolfSSL 5.6.6
2024-01-22 21:31:51,971 [INFO] ThirdParty:1030 - CMSIS Pack Vendor :STMicroelectronics X-CUBE-FREERTOS 1.1.0
2024-01-22 21:31:51,971 [INFO] ThirdParty:1030 - CMSIS Pack Vendor :STMicroelectronics X-CUBE-NFC7 1.0.1
2024-01-22 21:31:51,971 [INFO] ThirdParty:1030 - CMSIS Pack Vendor :STMicroelectronics X-CUBE-TOUCHGFX 4.23.0
2024-01-22 21:31:51,971 [INFO] ThirdParty:1030 - CMSIS Pack Vendor :STMicroelectronics X-CUBE-AZRTOS-F7 1.1.0
2024-01-22 21:31:51,971 [INFO] ThirdParty:1030 - CMSIS Pack Vendor :STMicroelectronics X-CUBE-AZRTOS-L5 2.0.0
2024-01-22 21:31:51,971 [INFO] ThirdParty:1030 - CMSIS Pack Vendor :STMicroelectronics X-CUBE-NFC6 3.0.0
2024-01-22 21:31:51,971 [INFO] ThirdParty:1030 - CMSIS Pack Vendor :STMicroelectronics X-CUBE-ALS 1.0.1
2024-01-22 21:31:51,971 [INFO] ThirdParty:1030 - CMSIS Pack Vendor :portGmbH I-Cube-SoM-uGOAL 1.1.0
2024-01-22 21:31:51,971 [INFO] ThirdParty:1030 - CMSIS Pack Vendor :STMicroelectronics X-CUBE-EEPRMA1 4.2.0
2024-01-22 21:31:51,971 [INFO] ThirdParty:1030 - CMSIS Pack Vendor :ITTIA_DB I-CUBE-ITTIADB 8.8.0
2024-01-22 21:31:51,971 [INFO] ThirdParty:1030 - CMSIS Pack Vendor :STMicroelectronics FP-SNS-SMARTAG2 1.2.0
2024-01-22 21:31:51,971 [INFO] ThirdParty:1030 - CMSIS Pack Vendor :STMicroelectronics FP-SNS-MOTENV1 4.3.2
2024-01-22 21:31:51,971 [INFO] ThirdParty:1030 - CMSIS Pack Vendor :STMicroelectronics X-CUBE-ALGOBUILD 1.3.0
2024-01-22 21:31:51,971 [INFO] ThirdParty:1030 - CMSIS Pack Vendor :STMicroelectronics X-CUBE-AZRTOS-WL 2.0.0
2024-01-22 21:31:51,971 [INFO] ThirdParty:1030 - CMSIS Pack Vendor :SEGGER I-CUBE-embOS 1.3.1
2024-01-22 21:31:51,971 [INFO] ThirdParty:1030 - CMSIS Pack Vendor :STMicroelectronics X-CUBE-AZRTOS-G0 1.1.0
2024-01-22 21:31:51,971 [INFO] ThirdParty:1030 - CMSIS Pack Vendor :STMicroelectronics X-CUBE-AI 8.1.0
2024-01-22 21:31:51,971 [INFO] ThirdParty:1030 - CMSIS Pack Vendor :STMicroelectronics X-CUBE-NFC4 3.0.0
2024-01-22 21:31:51,971 [INFO] ThirdParty:1030 - CMSIS Pack Vendor :STMicroelectronics X-CUBE-SUBG2 5.0.0
2024-01-22 21:31:51,971 [INFO] ThirdParty:1030 - CMSIS Pack Vendor :STMicroelectronics X-CUBE-AZRTOS-L4 2.0.0
2024-01-22 21:31:51,971 [INFO] ThirdParty:1030 - CMSIS Pack Vendor :STMicroelectronics FP-ATR-ASTRA1 2.0.0
2024-01-22 21:31:51,971 [INFO] ThirdParty:1030 - CMSIS Pack Vendor :WES I-CUBE-Cesium 1.3.0
2024-01-22 21:31:51,971 [INFO] ThirdParty:1030 - CMSIS Pack Vendor :STMicroelectronics X-CUBE-SFXS2LP1 4.0.0
2024-01-22 21:31:51,971 [INFO] ThirdParty:1030 - CMSIS Pack Vendor :STMicroelectronics FP-SNS-FLIGHT1 5.0.2
2024-01-22 21:31:51,971 [INFO] ThirdParty:1030 - CMSIS Pack Vendor :STMicroelectronics X-CUBE-BLE2 3.3.0
2024-01-22 21:31:51,971 [INFO] ThirdParty:1030 - CMSIS Pack Vendor :STMicroelectronics X-CUBE-TOF1 3.4.0
2024-01-22 21:31:51,971 [INFO] ThirdParty:1030 - CMSIS Pack Vendor :STMicroelectronics X-CUBE-AZRTOS-G4 2.0.0
2024-01-22 21:31:51,971 [INFO] ThirdParty:1030 - CMSIS Pack Vendor :STMicroelectronics X-CUBE-AZRTOS-H7 3.2.0
2024-01-22 21:31:51,971 [INFO] ThirdParty:1030 - CMSIS Pack Vendor :Infineon AIROC-Wi-Fi-Bluetooth-STM32 1.5.1
2024-01-22 21:31:51,971 [INFO] ThirdParty:1030 - CMSIS Pack Vendor :STMicroelectronics X-CUBE-BLEMGR 3.0.0
2024-01-22 21:31:51,971 [INFO] LoadServerUpdatesThread:375 - End of LoadServerUpdate Thread
2024-01-22 21:32:08,199 [ERROR] LogOutputStream:75 - [STDERR_REDIRECT] SLF4J: Failed to load class "org.slf4j.impl.StaticLoggerBinder".
2024-01-22 21:32:08,211 [ERROR] LogOutputStream:75 - [STDERR_REDIRECT] SLF4J: Defaulting to no-operation (NOP) logger implementation
2024-01-22 21:32:08,215 [ERROR] LogOutputStream:75 - [STDERR_REDIRECT] SLF4J: See http://www.slf4j.org/codes.html#StaticLoggerBinder for further details.
